# JRE version: OpenJDK Runtime Environment (23.0+37) (build 23+37-2369)
# Java VM: OpenJDK 64-Bit Server VM (23+37-2369, mixed mode, emulated-client, sharing, tiered, compressed oops, compressed class ptrs, g1 gc, linux-amd64)
GC Precious Log:
 CardTable entry size: 512
 Card Set container configuration: InlinePtr #cards 5 size 8 Array Of Cards #cards 10 size 36 Howl #buckets 4 coarsen threshold 1843 Howl Bitmap #cards 512 size 80 coarsen threshold 460 Card regions per heap region 1 cards per card region 2048
 CPUs: 4 total, 4 available
 Memory: 7828M
 Large Page Support: Disabled
 NUMA Support: Disabled
 Compressed Oops: Enabled (32-bit)
 Heap Region Size: 1M
 Heap Min Capacity: 8M
 Heap Initial Capacity: 124M
 Heap Max Capacity: 1958M
 Pre-touch: Disabled
 Parallel Workers: 4
 Concurrent Workers: 1
 Concurrent Refinement Workers: 4
 Periodic GC: Disabled
Heap:
 garbage-first heap   total reserved 2004992K, committed 129024K, used 45953K [0x0000000085a00000, 0x0000000100000000)
  region size 1024K, 39 young (39936K), 5 survivors (5120K)
 Metaspace       used 21076K, committed 21440K, reserved 1114112K
  class space    used 2819K, committed 2944K, reserved 1048576K
GC Heap History (7 events):
Event: 0,778 GC heap before
{Heap before GC invocations=0 (full 0):
 garbage-first heap   total reserved 2004992K, committed 129024K, used 15481K [0x0000000085a00000, 0x0000000100000000)
  region size 1024K, 14 young (14336K), 0 survivors (0K)
 Metaspace       used 4364K, committed 4544K, reserved 1114112K
  class space    used 543K, committed 640K, reserved 1048576K
}
Event: 0,784 GC heap after
{Heap after GC invocations=1 (full 0):
 garbage-first heap   total reserved 2004992K, committed 129024K, used 7484K [0x0000000085a00000, 0x0000000100000000)
  region size 1024K, 2 young (2048K), 2 survivors (2048K)
 Metaspace       used 4364K, committed 4544K, reserved 1114112K
  class space    used 543K, committed 640K, reserved 1048576K
}
Event: 1,238 GC heap before
{Heap before GC invocations=1 (full 0):
 garbage-first heap   total reserved 2004992K, committed 129024K, used 18748K [0x0000000085a00000, 0x0000000100000000)
  region size 1024K, 13 young (13312K), 2 survivors (2048K)
 Metaspace       used 8424K, committed 8704K, reserved 1114112K
  class space    used 1101K, committed 1216K, reserved 1048576K
}
Event: 1,249 GC heap after
{Heap after GC invocations=2 (full 0):
 garbage-first heap   total reserved 2004992K, committed 129024K, used 9146K [0x0000000085a00000, 0x0000000100000000)
  region size 1024K, 2 young (2048K), 2 survivors (2048K)
 Metaspace       used 8424K, committed 8704K, reserved 1114112K
  class space    used 1101K, committed 1216K, reserved 1048576K
}
Event: 1,928 GC heap before
{Heap before GC invocations=2 (full 0):
 garbage-first heap   total reserved 2004992K, committed 129024K, used 34746K [0x0000000085a00000, 0x0000000100000000)
  region size 1024K, 28 young (28672K), 2 survivors (2048K)
 Metaspace       used 15802K, committed 16128K, reserved 1114112K
  class space    used 2106K, committed 2240K, reserved 1048576K
}
Event: 1,935 GC heap after
{Heap after GC invocations=3 (full 0):
 garbage-first heap   total reserved 2004992K, committed 129024K, used 11137K [0x0000000085a00000, 0x0000000100000000)
  region size 1024K, 4 young (4096K), 4 survivors (4096K)
 Metaspace       used 15802K, committed 16128K, reserved 1114112K
  class space    used 2106K, committed 2240K, reserved 1048576K
}
Event: 2,449 GC heap before
{Heap before GC invocations=3 (full 0):
 garbage-first heap   total reserved 2004992K, committed 129024K, used 44929K [0x0000000085a00000, 0x0000000100000000)
  region size 1024K, 38 young (38912K), 4 survivors (4096K)
 Metaspace       used 21076K, committed 21440K, reserved 1114112K
  class space    used 2819K, committed 2944K, reserved 1048576K
}

