# JRE version: OpenJDK Runtime Environment Temurin-17.0.12+7 (17.0.12+7) (build 17.0.12+7)
# Java VM: OpenJDK 64-Bit Server VM Temurin-17.0.12+7 (17.0.12+7, mixed mode, tiered, compressed oops, compressed class ptrs, parallel gc, linux-amd64)
GC Precious Log:
 CPUs: 4 total, 4 available
 Memory: 7828M
 Large Page Support: Disabled
 NUMA Support: Disabled
 Compressed Oops: Enabled (32-bit)
 Alignments: Space 512K, Generation 512K, Heap 2M
 Heap Min Capacity: 100M
 Heap Initial Capacity: 100M
 Heap Max Capacity: 1G
 Pre-touch: Disabled
 Parallel Workers: 4
Heap:
 PSYoungGen      total 12288K, used 12272K [0x00000000eab00000, 0x00000000eb900000, 0x0000000100000000)
  eden space 11264K, 100% used [0x00000000eab00000,0x00000000eb600000,0x00000000eb600000)
  from space 1024K, 98% used [0x00000000eb600000,0x00000000eb6fc030,0x00000000eb700000)
  to   space 1536K, 35% used [0x00000000eb780000,0x00000000eb808000,0x00000000eb900000)
 ParOldGen       total 97280K, used 76589K [0x00000000c0000000, 0x00000000c5f00000, 0x00000000eab00000)
  object space 97280K, 78% used [0x00000000c0000000,0x00000000c4acb650,0x00000000c5f00000)
 Metaspace       used 79398K, committed 80768K, reserved 1179648K
  class space    used 7991K, committed 8640K, reserved 1048576K
GC Heap History (20 events):
Event: 37,038 GC heap before
{Heap before GC invocations=131 (full 5):
 PSYoungGen      total 12288K, used 12272K [0x00000000eab00000, 0x00000000eb900000, 0x0000000100000000)
  eden space 11264K, 100% used [0x00000000eab00000,0x00000000eb600000,0x00000000eb600000)
  from space 1024K, 98% used [0x00000000eb600000,0x00000000eb6fc368,0x00000000eb700000)
  to   space 1536K, 0% used [0x00000000eb780000,0x00000000eb780000,0x00000000eb900000)
 ParOldGen       total 89600K, used 87978K [0x00000000c0000000, 0x00000000c5780000, 0x00000000eab00000)
  object space 89600K, 98% used [0x00000000c0000000,0x00000000c55eab48,0x00000000c5780000)
 Metaspace       used 78509K, committed 79872K, reserved 1179648K
  class space    used 7899K, committed 8576K, reserved 1048576K
}
Event: 37,042 GC heap after
{Heap after GC invocations=131 (full 5):
 PSYoungGen      total 12288K, used 752K [0x00000000eab00000, 0x00000000eb880000, 0x0000000100000000)
  eden space 11264K, 0% used [0x00000000eab00000,0x00000000eab00000,0x00000000eb600000)
  from space 1024K, 73% used [0x00000000eb780000,0x00000000eb83c010,0x00000000eb880000)
  to   space 1024K, 0% used [0x00000000eb600000,0x00000000eb600000,0x00000000eb700000)
 ParOldGen       total 89600K, used 88682K [0x00000000c0000000, 0x00000000c5780000, 0x00000000eab00000)
  object space 89600K, 98% used [0x00000000c0000000,0x00000000c569a968,0x00000000c5780000)
 Metaspace       used 78509K, committed 79872K, reserved 1179648K
  class space    used 7899K, committed 8576K, reserved 1048576K
}
Event: 37,095 GC heap before
{Heap before GC invocations=132 (full 5):
 PSYoungGen      total 12288K, used 12016K [0x00000000eab00000, 0x00000000eb880000, 0x0000000100000000)
  eden space 11264K, 100% used [0x00000000eab00000,0x00000000eb600000,0x00000000eb600000)
  from space 1024K, 73% used [0x00000000eb780000,0x00000000eb83c010,0x00000000eb880000)
  to   space 1024K, 0% used [0x00000000eb600000,0x00000000eb600000,0x00000000eb700000)
 ParOldGen       total 89600K, used 88682K [0x00000000c0000000, 0x00000000c5780000, 0x00000000eab00000)
  object space 89600K, 98% used [0x00000000c0000000,0x00000000c569a968,0x00000000c5780000)
 Metaspace       used 78658K, committed 80064K, reserved 1179648K
  class space    used 7914K, committed 8576K, reserved 1048576K
}
Event: 37,098 GC heap after
{Heap after GC invocations=132 (full 5):
 PSYoungGen      total 12288K, used 528K [0x00000000eab00000, 0x00000000eb800000, 0x0000000100000000)
  eden space 11264K, 0% used [0x00000000eab00000,0x00000000eab00000,0x00000000eb600000)
  from space 1024K, 51% used [0x00000000eb600000,0x00000000eb684010,0x00000000eb700000)
  to   space 1024K, 0% used [0x00000000eb700000,0x00000000eb700000,0x00000000eb800000)
 ParOldGen       total 89600K, used 89151K [0x00000000c0000000, 0x00000000c5780000, 0x00000000eab00000)
  object space 89600K, 99% used [0x00000000c0000000,0x00000000c570fc48,0x00000000c5780000)
 Metaspace       used 78658K, committed 80064K, reserved 1179648K
  class space    used 7914K, committed 8576K, reserved 1048576K
}
Event: 37,099 GC heap before
{Heap before GC invocations=133 (full 6):
 PSYoungGen      total 12288K, used 528K [0x00000000eab00000, 0x00000000eb800000, 0x0000000100000000)
  eden space 11264K, 0% used [0x00000000eab00000,0x00000000eab00000,0x00000000eb600000)
  from space 1024K, 51% used [0x00000000eb600000,0x00000000eb684010,0x00000000eb700000)
  to   space 1024K, 0% used [0x00000000eb700000,0x00000000eb700000,0x00000000eb800000)
 ParOldGen       total 89600K, used 89151K [0x00000000c0000000, 0x00000000c5780000, 0x00000000eab00000)
  object space 89600K, 99% used [0x00000000c0000000,0x00000000c570fc48,0x00000000c5780000)
 Metaspace       used 78658K, committed 80064K, reserved 1179648K
  class space    used 7914K, committed 8576K, reserved 1048576K
}
Event: 37,262 GC heap after
{Heap after GC invocations=133 (full 6):
 PSYoungGen      total 12288K, used 0K [0x00000000eab00000, 0x00000000eb800000, 0x0000000100000000)
  eden space 11264K, 0% used [0x00000000eab00000,0x00000000eab00000,0x00000000eb600000)
  from space 1024K, 0% used [0x00000000eb700000,0x00000000eb700000,0x00000000eb800000)
  to   space 1024K, 0% used [0x00000000eb600000,0x00000000eb600000,0x00000000eb700000)
 ParOldGen       total 97280K, used 72355K [0x00000000c0000000, 0x00000000c5f00000, 0x00000000eab00000)
  object space 97280K, 74% used [0x00000000c0000000,0x00000000c46a8ca0,0x00000000c5f00000)
 Metaspace       used 78658K, committed 80064K, reserved 1179648K
  class space    used 7914K, committed 8576K, reserved 1048576K
}
Event: 37,389 GC heap before
{Heap before GC invocations=134 (full 6):
 PSYoungGen      total 12288K, used 11264K [0x00000000eab00000, 0x00000000eb800000, 0x0000000100000000)
  eden space 11264K, 100% used [0x00000000eab00000,0x00000000eb600000,0x00000000eb600000)
  from space 1024K, 0% used [0x00000000eb700000,0x00000000eb700000,0x00000000eb800000)
  to   space 1024K, 0% used [0x00000000eb600000,0x00000000eb600000,0x00000000eb700000)
 ParOldGen       total 97280K, used 72355K [0x00000000c0000000, 0x00000000c5f00000, 0x00000000eab00000)
  object space 97280K, 74% used [0x00000000c0000000,0x00000000c46a8ca0,0x00000000c5f00000)
 Metaspace       used 78992K, committed 80384K, reserved 1179648K
  class space    used 7940K, committed 8576K, reserved 1048576K
}
Event: 37,394 GC heap after
{Heap after GC invocations=134 (full 6):
 PSYoungGen      total 12288K, used 800K [0x00000000eab00000, 0x00000000eb800000, 0x0000000100000000)
  eden space 11264K, 0% used [0x00000000eab00000,0x00000000eab00000,0x00000000eb600000)
  from space 1024K, 78% used [0x00000000eb600000,0x00000000eb6c8000,0x00000000eb700000)
  to   space 1024K, 0% used [0x00000000eb700000,0x00000000eb700000,0x00000000eb800000)
 ParOldGen       total 97280K, used 72363K [0x00000000c0000000, 0x00000000c5f00000, 0x00000000eab00000)
  object space 97280K, 74% used [0x00000000c0000000,0x00000000c46aaca0,0x00000000c5f00000)
 Metaspace       used 78992K, committed 80384K, reserved 1179648K
  class space    used 7940K, committed 8576K, reserved 1048576K
}
Event: 37,510 GC heap before
{Heap before GC invocations=135 (full 6):
 PSYoungGen      total 12288K, used 12064K [0x00000000eab00000, 0x00000000eb800000, 0x0000000100000000)
  eden space 11264K, 100% used [0x00000000eab00000,0x00000000eb600000,0x00000000eb600000)
  from space 1024K, 78% used [0x00000000eb600000,0x00000000eb6c8000,0x00000000eb700000)
  to   space 1024K, 0% used [0x00000000eb700000,0x00000000eb700000,0x00000000eb800000)
 ParOldGen       total 97280K, used 72363K [0x00000000c0000000, 0x00000000c5f00000, 0x00000000eab00000)
  object space 97280K, 74% used [0x00000000c0000000,0x00000000c46aaca0,0x00000000c5f00000)
 Metaspace       used 79090K, committed 80448K, reserved 1179648K
  class space    used 7952K, committed 8576K, reserved 1048576K
}
Event: 37,514 GC heap after
{Heap after GC invocations=135 (full 6):
 PSYoungGen      total 12288K, used 628K [0x00000000eab00000, 0x00000000eb800000, 0x0000000100000000)
  eden space 11264K, 0% used [0x00000000eab00000,0x00000000eab00000,0x00000000eb600000)
  from space 1024K, 61% used [0x00000000eb700000,0x00000000eb79d200,0x00000000eb800000)
  to   space 1024K, 0% used [0x00000000eb600000,0x00000000eb600000,0x00000000eb700000)
 ParOldGen       total 97280K, used 72975K [0x00000000c0000000, 0x00000000c5f00000, 0x00000000eab00000)
  object space 97280K, 75% used [0x00000000c0000000,0x00000000c4743c18,0x00000000c5f00000)
 Metaspace       used 79090K, committed 80448K, reserved 1179648K
  class space    used 7952K, committed 8576K, reserved 1048576K
}
Event: 37,577 GC heap before
{Heap before GC invocations=136 (full 6):
 PSYoungGen      total 12288K, used 11892K [0x00000000eab00000, 0x00000000eb800000, 0x0000000100000000)
  eden space 11264K, 99% used [0x00000000eab00000,0x00000000eb5ffff8,0x00000000eb600000)
  from space 1024K, 61% used [0x00000000eb700000,0x00000000eb79d200,0x00000000eb800000)
  to   space 1024K, 0% used [0x00000000eb600000,0x00000000eb600000,0x00000000eb700000)
 ParOldGen       total 97280K, used 72975K [0x00000000c0000000, 0x00000000c5f00000, 0x00000000eab00000)
  object space 97280K, 75% used [0x00000000c0000000,0x00000000c4743c18,0x00000000c5f00000)
 Metaspace       used 79162K, committed 80576K, reserved 1179648K
  class space    used 7963K, committed 8640K, reserved 1048576K
}
Event: 37,581 GC heap after
{Heap after GC invocations=136 (full 6):
 PSYoungGen      total 12288K, used 832K [0x00000000eab00000, 0x00000000eb800000, 0x0000000100000000)
  eden space 11264K, 0% used [0x00000000eab00000,0x00000000eab00000,0x00000000eb600000)
  from space 1024K, 81% used [0x00000000eb600000,0x00000000eb6d0020,0x00000000eb700000)
  to   space 1024K, 0% used [0x00000000eb700000,0x00000000eb700000,0x00000000eb800000)
 ParOldGen       total 97280K, used 73416K [0x00000000c0000000, 0x00000000c5f00000, 0x00000000eab00000)
  object space 97280K, 75% used [0x00000000c0000000,0x00000000c47b20d8,0x00000000c5f00000)
 Metaspace       used 79162K, committed 80576K, reserved 1179648K
  class space    used 7963K, committed 8640K, reserved 1048576K
}
Event: 37,648 GC heap before
{Heap before GC invocations=137 (full 6):
 PSYoungGen      total 12288K, used 12096K [0x00000000eab00000, 0x00000000eb800000, 0x0000000100000000)
  eden space 11264K, 100% used [0x00000000eab00000,0x00000000eb600000,0x00000000eb600000)
  from space 1024K, 81% used [0x00000000eb600000,0x00000000eb6d0020,0x00000000eb700000)
  to   space 1024K, 0% used [0x00000000eb700000,0x00000000eb700000,0x00000000eb800000)
 ParOldGen       total 97280K, used 73416K [0x00000000c0000000, 0x00000000c5f00000, 0x00000000eab00000)
  object space 97280K, 75% used [0x00000000c0000000,0x00000000c47b20d8,0x00000000c5f00000)
 Metaspace       used 79250K, committed 80640K, reserved 1179648K
  class space    used 7979K, committed 8640K, reserved 1048576K
}
Event: 37,652 GC heap after
{Heap after GC invocations=137 (full 6):
 PSYoungGen      total 12288K, used 752K [0x00000000eab00000, 0x00000000eb800000, 0x0000000100000000)
  eden space 11264K, 0% used [0x00000000eab00000,0x00000000eab00000,0x00000000eb600000)
  from space 1024K, 73% used [0x00000000eb700000,0x00000000eb7bc030,0x00000000eb800000)
  to   space 1024K, 0% used [0x00000000eb600000,0x00000000eb600000,0x00000000eb700000)
 ParOldGen       total 97280K, used 74074K [0x00000000c0000000, 0x00000000c5f00000, 0x00000000eab00000)
  object space 97280K, 76% used [0x00000000c0000000,0x00000000c4856808,0x00000000c5f00000)
 Metaspace       used 79250K, committed 80640K, reserved 1179648K
  class space    used 7979K, committed 8640K, reserved 1048576K
}
Event: 37,716 GC heap before
{Heap before GC invocations=138 (full 6):
 PSYoungGen      total 12288K, used 12016K [0x00000000eab00000, 0x00000000eb800000, 0x0000000100000000)
  eden space 11264K, 100% used [0x00000000eab00000,0x00000000eb600000,0x00000000eb600000)
  from space 1024K, 73% used [0x00000000eb700000,0x00000000eb7bc030,0x00000000eb800000)
  to   space 1024K, 0% used [0x00000000eb600000,0x00000000eb600000,0x00000000eb700000)
 ParOldGen       total 97280K, used 74074K [0x00000000c0000000, 0x00000000c5f00000, 0x00000000eab00000)
  object space 97280K, 76% used [0x00000000c0000000,0x00000000c4856808,0x00000000c5f00000)
 Metaspace       used 79336K, committed 80704K, reserved 1179648K
  class space    used 7991K, committed 8640K, reserved 1048576K
}
Event: 37,720 GC heap after
{Heap after GC invocations=138 (full 6):
 PSYoungGen      total 12288K, used 768K [0x00000000eab00000, 0x00000000eb800000, 0x0000000100000000)
  eden space 11264K, 0% used [0x00000000eab00000,0x00000000eab00000,0x00000000eb600000)
  from space 1024K, 75% used [0x00000000eb600000,0x00000000eb6c0020,0x00000000eb700000)
  to   space 1024K, 0% used [0x00000000eb700000,0x00000000eb700000,0x00000000eb800000)
 ParOldGen       total 97280K, used 74559K [0x00000000c0000000, 0x00000000c5f00000, 0x00000000eab00000)
  object space 97280K, 76% used [0x00000000c0000000,0x00000000c48cfea8,0x00000000c5f00000)
 Metaspace       used 79336K, committed 80704K, reserved 1179648K
  class space    used 7991K, committed 8640K, reserved 1048576K
}
Event: 37,862 GC heap before
{Heap before GC invocations=139 (full 6):
 PSYoungGen      total 12288K, used 12032K [0x00000000eab00000, 0x00000000eb800000, 0x0000000100000000)
  eden space 11264K, 100% used [0x00000000eab00000,0x00000000eb600000,0x00000000eb600000)
  from space 1024K, 75% used [0x00000000eb600000,0x00000000eb6c0020,0x00000000eb700000)
  to   space 1024K, 0% used [0x00000000eb700000,0x00000000eb700000,0x00000000eb800000)
 ParOldGen       total 97280K, used 74559K [0x00000000c0000000, 0x00000000c5f00000, 0x00000000eab00000)
  object space 97280K, 76% used [0x00000000c0000000,0x00000000c48cfea8,0x00000000c5f00000)
 Metaspace       used 79370K, committed 80704K, reserved 1179648K
  class space    used 7991K, committed 8640K, reserved 1048576K
}
Event: 37,867 GC heap after
{Heap after GC invocations=139 (full 6):
 PSYoungGen      total 12288K, used 780K [0x00000000eab00000, 0x00000000eb800000, 0x0000000100000000)
  eden space 11264K, 0% used [0x00000000eab00000,0x00000000eab00000,0x00000000eb600000)
  from space 1024K, 76% used [0x00000000eb700000,0x00000000eb7c33b0,0x00000000eb800000)
  to   space 1024K, 0% used [0x00000000eb600000,0x00000000eb600000,0x00000000eb700000)
 ParOldGen       total 97280K, used 75143K [0x00000000c0000000, 0x00000000c5f00000, 0x00000000eab00000)
  object space 97280K, 77% used [0x00000000c0000000,0x00000000c4961ee8,0x00000000c5f00000)
 Metaspace       used 79370K, committed 80704K, reserved 1179648K
  class space    used 7991K, committed 8640K, reserved 1048576K
}
Event: 37,940 GC heap before
{Heap before GC invocations=140 (full 6):
 PSYoungGen      total 12288K, used 12044K [0x00000000eab00000, 0x00000000eb800000, 0x0000000100000000)
  eden space 11264K, 100% used [0x00000000eab00000,0x00000000eb600000,0x00000000eb600000)
  from space 1024K, 76% used [0x00000000eb700000,0x00000000eb7c33b0,0x00000000eb800000)
  to   space 1024K, 0% used [0x00000000eb600000,0x00000000eb600000,0x00000000eb700000)
 ParOldGen       total 97280K, used 75143K [0x00000000c0000000, 0x00000000c5f00000, 0x00000000eab00000)
  object space 97280K, 77% used [0x00000000c0000000,0x00000000c4961ee8,0x00000000c5f00000)
 Metaspace       used 79387K, committed 80768K, reserved 1179648K
  class space    used 7991K, committed 8640K, reserved 1048576K
}
Event: 37,945 GC heap after
{Heap after GC invocations=140 (full 6):
 PSYoungGen      total 12288K, used 1008K [0x00000000eab00000, 0x00000000eb900000, 0x0000000100000000)
  eden space 11264K, 0% used [0x00000000eab00000,0x00000000eab00000,0x00000000eb600000)
  from space 1024K, 98% used [0x00000000eb600000,0x00000000eb6fc030,0x00000000eb700000)
  to   space 1536K, 0% used [0x00000000eb780000,0x00000000eb780000,0x00000000eb900000)
 ParOldGen       total 97280K, used 75838K [0x00000000c0000000, 0x00000000c5f00000, 0x00000000eab00000)
  object space 97280K, 77% used [0x00000000c0000000,0x00000000c4a0fb90,0x00000000c5f00000)
 Metaspace       used 79387K, committed 80768K, reserved 1179648K
  class space    used 7991K, committed 8640K, reserved 1048576K
}

