# JRE version: OpenJDK Runtime Environment (23.0+37) (build 23+37-2369)
# Java VM: OpenJDK 64-Bit Server VM (23+37-2369, mixed mode, emulated-client, sharing, tiered, compressed oops, compressed class ptrs, g1 gc, linux-amd64)
GC Precious Log:
 CardTable entry size: 512
 Card Set container configuration: InlinePtr #cards 5 size 8 Array Of Cards #cards 10 size 36 Howl #buckets 4 coarsen threshold 1843 Howl Bitmap #cards 512 size 80 coarsen threshold 460 Card regions per heap region 1 cards per card region 2048
 CPUs: 4 total, 4 available
 Memory: 7828M
 Large Page Support: Disabled
 NUMA Support: Disabled
 Compressed Oops: Enabled (32-bit)
 Heap Region Size: 1M
 Heap Min Capacity: 8M
 Heap Initial Capacity: 124M
 Heap Max Capacity: 1958M
 Pre-touch: Disabled
 Parallel Workers: 4
 Concurrent Workers: 1
 Concurrent Refinement Workers: 4
 Periodic GC: Disabled
Heap:
 garbage-first heap   total reserved 2004992K, committed 113664K, used 53441K [0x0000000085a00000, 0x0000000100000000)
  region size 1024K, 7 young (7168K), 3 survivors (3072K)
 Metaspace       used 78005K, committed 78784K, reserved 1179648K
  class space    used 11514K, committed 11840K, reserved 1048576K
GC Heap History (20 events):
Event: 7,202 GC heap before
{Heap before GC invocations=14 (full 0):
 garbage-first heap   total reserved 2004992K, committed 77824K, used 67315K [0x0000000085a00000, 0x0000000100000000)
  region size 1024K, 39 young (39936K), 1 survivors (1024K)
 Metaspace       used 59372K, committed 60032K, reserved 1114112K
  class space    used 8609K, committed 8896K, reserved 1048576K
}
Event: 7,210 GC heap after
{Heap after GC invocations=15 (full 0):
 garbage-first heap   total reserved 2004992K, committed 77824K, used 30449K [0x0000000085a00000, 0x0000000100000000)
  region size 1024K, 3 young (3072K), 3 survivors (3072K)
 Metaspace       used 59372K, committed 60032K, reserved 1114112K
  class space    used 8609K, committed 8896K, reserved 1048576K
}
Event: 7,773 GC heap before
{Heap before GC invocations=15 (full 0):
 garbage-first heap   total reserved 2004992K, committed 77824K, used 40689K [0x0000000085a00000, 0x0000000100000000)
  region size 1024K, 14 young (14336K), 3 survivors (3072K)
 Metaspace       used 60389K, committed 61056K, reserved 1114112K
  class space    used 8701K, committed 9024K, reserved 1048576K
}
Event: 7,784 GC heap after
{Heap after GC invocations=16 (full 0):
 garbage-first heap   total reserved 2004992K, committed 77824K, used 31061K [0x0000000085a00000, 0x0000000100000000)
  region size 1024K, 3 young (3072K), 3 survivors (3072K)
 Metaspace       used 60389K, committed 61056K, reserved 1114112K
  class space    used 8701K, committed 9024K, reserved 1048576K
}
Event: 8,409 GC heap before
{Heap before GC invocations=17 (full 0):
 garbage-first heap   total reserved 2004992K, committed 77824K, used 67925K [0x0000000085a00000, 0x0000000100000000)
  region size 1024K, 39 young (39936K), 3 survivors (3072K)
 Metaspace       used 65416K, committed 66112K, reserved 1114112K
  class space    used 9704K, committed 9984K, reserved 1048576K
}
Event: 8,425 GC heap after
{Heap after GC invocations=18 (full 0):
 garbage-first heap   total reserved 2004992K, committed 77824K, used 35289K [0x0000000085a00000, 0x0000000100000000)
  region size 1024K, 5 young (5120K), 5 survivors (5120K)
 Metaspace       used 65416K, committed 66112K, reserved 1114112K
  class space    used 9704K, committed 9984K, reserved 1048576K
}
Event: 8,709 GC heap before
{Heap before GC invocations=18 (full 0):
 garbage-first heap   total reserved 2004992K, committed 77824K, used 67033K [0x0000000085a00000, 0x0000000100000000)
  region size 1024K, 36 young (36864K), 5 survivors (5120K)
 Metaspace       used 67343K, committed 68032K, reserved 1114112K
  class space    used 9969K, committed 10240K, reserved 1048576K
}
Event: 8,720 GC heap after
{Heap after GC invocations=19 (full 0):
 garbage-first heap   total reserved 2004992K, committed 77824K, used 36315K [0x0000000085a00000, 0x0000000100000000)
  region size 1024K, 2 young (2048K), 2 survivors (2048K)
 Metaspace       used 67343K, committed 68032K, reserved 1114112K
  class space    used 9969K, committed 10240K, reserved 1048576K
}
Event: 9,141 GC heap before
{Heap before GC invocations=19 (full 0):
 garbage-first heap   total reserved 2004992K, committed 77824K, used 70107K [0x0000000085a00000, 0x0000000100000000)
  region size 1024K, 35 young (35840K), 2 survivors (2048K)
 Metaspace       used 68249K, committed 68928K, reserved 1114112K
  class space    used 10079K, committed 10368K, reserved 1048576K
}
Event: 9,146 GC heap after
{Heap after GC invocations=20 (full 0):
 garbage-first heap   total reserved 2004992K, committed 94208K, used 37966K [0x0000000085a00000, 0x0000000100000000)
  region size 1024K, 4 young (4096K), 4 survivors (4096K)
 Metaspace       used 68249K, committed 68928K, reserved 1114112K
  class space    used 10079K, committed 10368K, reserved 1048576K
}
Event: 9,360 GC heap before
{Heap before GC invocations=20 (full 0):
 garbage-first heap   total reserved 2004992K, committed 94208K, used 81998K [0x0000000085a00000, 0x0000000100000000)
  region size 1024K, 47 young (48128K), 4 survivors (4096K)
 Metaspace       used 68356K, committed 69056K, reserved 1114112K
  class space    used 10094K, committed 10368K, reserved 1048576K
}
Event: 9,367 GC heap after
{Heap after GC invocations=21 (full 0):
 garbage-first heap   total reserved 2004992K, committed 94208K, used 39462K [0x0000000085a00000, 0x0000000100000000)
  region size 1024K, 4 young (4096K), 4 survivors (4096K)
 Metaspace       used 68356K, committed 69056K, reserved 1114112K
  class space    used 10094K, committed 10368K, reserved 1048576K
}
Event: 9,607 GC heap before
{Heap before GC invocations=21 (full 0):
 garbage-first heap   total reserved 2004992K, committed 94208K, used 81446K [0x0000000085a00000, 0x0000000100000000)
  region size 1024K, 45 young (46080K), 4 survivors (4096K)
 Metaspace       used 68483K, committed 69184K, reserved 1114112K
  class space    used 10109K, committed 10432K, reserved 1048576K
}
Event: 9,615 GC heap after
{Heap after GC invocations=22 (full 0):
 garbage-first heap   total reserved 2004992K, committed 94208K, used 42393K [0x0000000085a00000, 0x0000000100000000)
  region size 1024K, 5 young (5120K), 5 survivors (5120K)
 Metaspace       used 68483K, committed 69184K, reserved 1114112K
  class space    used 10109K, committed 10432K, reserved 1048576K
}
Event: 10,188 GC heap before
{Heap before GC invocations=23 (full 0):
 garbage-first heap   total reserved 2004992K, committed 94208K, used 81305K [0x0000000085a00000, 0x0000000100000000)
  region size 1024K, 43 young (44032K), 5 survivors (5120K)
 Metaspace       used 70146K, committed 70912K, reserved 1114112K
  class space    used 10368K, committed 10688K, reserved 1048576K
}
Event: 10,197 GC heap after
{Heap after GC invocations=24 (full 0):
 garbage-first heap   total reserved 2004992K, committed 94208K, used 45337K [0x0000000085a00000, 0x0000000100000000)
  region size 1024K, 6 young (6144K), 6 survivors (6144K)
 Metaspace       used 70146K, committed 70912K, reserved 1114112K
  class space    used 10368K, committed 10688K, reserved 1048576K
}
Event: 10,788 GC heap before
{Heap before GC invocations=24 (full 0):
 garbage-first heap   total reserved 2004992K, committed 94208K, used 81177K [0x0000000085a00000, 0x0000000100000000)
  region size 1024K, 41 young (41984K), 6 survivors (6144K)
 Metaspace       used 72461K, committed 73216K, reserved 1114112K
  class space    used 10731K, committed 11072K, reserved 1048576K
}
Event: 10,800 GC heap after
{Heap after GC invocations=25 (full 0):
 garbage-first heap   total reserved 2004992K, committed 94208K, used 48121K [0x0000000085a00000, 0x0000000100000000)
  region size 1024K, 6 young (6144K), 6 survivors (6144K)
 Metaspace       used 72461K, committed 73216K, reserved 1114112K
  class space    used 10731K, committed 11072K, reserved 1048576K
}
Event: 28,186 GC heap before
{Heap before GC invocations=25 (full 0):
 garbage-first heap   total reserved 2004992K, committed 94208K, used 79865K [0x0000000085a00000, 0x0000000100000000)
  region size 1024K, 38 young (38912K), 6 survivors (6144K)
 Metaspace       used 77334K, committed 78144K, reserved 1179648K
  class space    used 11428K, committed 11776K, reserved 1048576K
}
Event: 28,197 GC heap after
{Heap after GC invocations=26 (full 0):
 garbage-first heap   total reserved 2004992K, committed 113664K, used 50369K [0x0000000085a00000, 0x0000000100000000)
  region size 1024K, 3 young (3072K), 3 survivors (3072K)
 Metaspace       used 77334K, committed 78144K, reserved 1179648K
  class space    used 11428K, committed 11776K, reserved 1048576K
}

