# JRE version: OpenJDK Runtime Environment Temurin-17.0.13+11 (17.0.13+11) (build 17.0.13+11)
# Java VM: OpenJDK 64-Bit Server VM Temurin-17.0.13+11 (17.0.13+11, mixed mode, emulated-client, tiered, compressed oops, compressed class ptrs, g1 gc, linux-amd64)
GC Precious Log:
 CPUs: 4 total, 4 available
 Memory: 7828M
 Large Page Support: Disabled
 NUMA Support: Disabled
 Compressed Oops: Enabled (32-bit)
 Heap Region Size: 1M
 Heap Min Capacity: 8M
 Heap Initial Capacity: 124M
 Heap Max Capacity: 1G
 Pre-touch: Disabled
 Parallel Workers: 4
 Concurrent Workers: 1
 Concurrent Refinement Workers: 4
 Periodic GC: Disabled
Heap:
 garbage-first heap   total 75776K, used 56833K [0x00000000c0000000, 0x0000000100000000)
  region size 1024K, 15 young (15360K), 2 survivors (2048K)
 Metaspace       used 56405K, committed 56896K, reserved 1114112K
  class space    used 7153K, committed 7360K, reserved 1048576K
GC Heap History (20 events):
Event: 66,131 GC heap after
{Heap after GC invocations=5 (full 0):
 garbage-first heap   total 126976K, used 19456K [0x00000000c0000000, 0x0000000100000000)
  region size 1024K, 2 young (2048K), 2 survivors (2048K)
 Metaspace       used 17073K, committed 17280K, reserved 1114112K
  class space    used 2183K, committed 2304K, reserved 1048576K
}
Event: 71,324 GC heap before
{Heap before GC invocations=5 (full 0):
 garbage-first heap   total 126976K, used 32768K [0x00000000c0000000, 0x0000000100000000)
  region size 1024K, 16 young (16384K), 2 survivors (2048K)
 Metaspace       used 20668K, committed 20864K, reserved 1114112K
  class space    used 2600K, committed 2688K, reserved 1048576K
}
Event: 71,369 GC heap after
{Heap after GC invocations=6 (full 0):
 garbage-first heap   total 126976K, used 20264K [0x00000000c0000000, 0x0000000100000000)
  region size 1024K, 2 young (2048K), 2 survivors (2048K)
 Metaspace       used 20668K, committed 20864K, reserved 1114112K
  class space    used 2600K, committed 2688K, reserved 1048576K
}
Event: 71,826 GC heap before
{Heap before GC invocations=6 (full 0):
 garbage-first heap   total 126976K, used 22312K [0x00000000c0000000, 0x0000000100000000)
  region size 1024K, 5 young (5120K), 2 survivors (2048K)
 Metaspace       used 21247K, committed 21504K, reserved 1114112K
  class space    used 2667K, committed 2816K, reserved 1048576K
}
Event: 71,865 GC heap after
{Heap after GC invocations=7 (full 0):
 garbage-first heap   total 126976K, used 20745K [0x00000000c0000000, 0x0000000100000000)
  region size 1024K, 2 young (2048K), 2 survivors (2048K)
 Metaspace       used 21247K, committed 21504K, reserved 1114112K
  class space    used 2667K, committed 2816K, reserved 1048576K
}
Event: 76,945 GC heap before
{Heap before GC invocations=8 (full 0):
 garbage-first heap   total 75776K, used 44297K [0x00000000c0000000, 0x0000000100000000)
  region size 1024K, 26 young (26624K), 2 survivors (2048K)
 Metaspace       used 26689K, committed 27008K, reserved 1114112K
  class space    used 3365K, committed 3520K, reserved 1048576K
}
Event: 76,999 GC heap after
{Heap after GC invocations=9 (full 0):
 garbage-first heap   total 75776K, used 22685K [0x00000000c0000000, 0x0000000100000000)
  region size 1024K, 4 young (4096K), 4 survivors (4096K)
 Metaspace       used 26689K, committed 27008K, reserved 1114112K
  class space    used 3365K, committed 3520K, reserved 1048576K
}
Event: 87,040 GC heap before
{Heap before GC invocations=9 (full 0):
 garbage-first heap   total 75776K, used 50333K [0x00000000c0000000, 0x0000000100000000)
  region size 1024K, 32 young (32768K), 4 survivors (4096K)
 Metaspace       used 31299K, committed 31680K, reserved 1114112K
  class space    used 3997K, committed 4160K, reserved 1048576K
}
Event: 87,114 GC heap after
{Heap after GC invocations=10 (full 0):
 garbage-first heap   total 75776K, used 24997K [0x00000000c0000000, 0x0000000100000000)
  region size 1024K, 4 young (4096K), 4 survivors (4096K)
 Metaspace       used 31299K, committed 31680K, reserved 1114112K
  class space    used 3997K, committed 4160K, reserved 1048576K
}
Event: 94,270 GC heap before
{Heap before GC invocations=10 (full 0):
 garbage-first heap   total 75776K, used 52645K [0x00000000c0000000, 0x0000000100000000)
  region size 1024K, 31 young (31744K), 4 survivors (4096K)
 Metaspace       used 35748K, committed 36096K, reserved 1114112K
  class space    used 4452K, committed 4608K, reserved 1048576K
}
Event: 94,352 GC heap after
{Heap after GC invocations=11 (full 0):
 garbage-first heap   total 75776K, used 28372K [0x00000000c0000000, 0x0000000100000000)
  region size 1024K, 5 young (5120K), 5 survivors (5120K)
 Metaspace       used 35748K, committed 36096K, reserved 1114112K
  class space    used 4452K, committed 4608K, reserved 1048576K
}
Event: 101,789 GC heap before
{Heap before GC invocations=12 (full 0):
 garbage-first heap   total 75776K, used 56020K [0x00000000c0000000, 0x0000000100000000)
  region size 1024K, 32 young (32768K), 5 survivors (5120K)
 Metaspace       used 41301K, committed 41728K, reserved 1114112K
  class space    used 5358K, committed 5504K, reserved 1048576K
}
Event: 101,841 GC heap after
{Heap after GC invocations=13 (full 0):
 garbage-first heap   total 75776K, used 30976K [0x00000000c0000000, 0x0000000100000000)
  region size 1024K, 3 young (3072K), 3 survivors (3072K)
 Metaspace       used 41301K, committed 41728K, reserved 1114112K
  class space    used 5358K, committed 5504K, reserved 1048576K
}
Event: 117,422 GC heap before
{Heap before GC invocations=13 (full 0):
 garbage-first heap   total 75776K, used 56576K [0x00000000c0000000, 0x0000000100000000)
  region size 1024K, 29 young (29696K), 3 survivors (3072K)
 Metaspace       used 44775K, committed 45184K, reserved 1114112K
  class space    used 5821K, committed 6016K, reserved 1048576K
}
Event: 117,495 GC heap after
{Heap after GC invocations=14 (full 0):
 garbage-first heap   total 75776K, used 32998K [0x00000000c0000000, 0x0000000100000000)
  region size 1024K, 3 young (3072K), 3 survivors (3072K)
 Metaspace       used 44775K, committed 45184K, reserved 1114112K
  class space    used 5821K, committed 6016K, reserved 1048576K
}
Event: 120,098 GC heap before
{Heap before GC invocations=14 (full 0):
 garbage-first heap   total 75776K, used 56550K [0x00000000c0000000, 0x0000000100000000)
  region size 1024K, 27 young (27648K), 3 survivors (3072K)
 Metaspace       used 51022K, committed 51456K, reserved 1114112K
  class space    used 6591K, committed 6784K, reserved 1048576K
}
Event: 120,142 GC heap after
{Heap after GC invocations=15 (full 0):
 garbage-first heap   total 75776K, used 35932K [0x00000000c0000000, 0x0000000100000000)
  region size 1024K, 4 young (4096K), 4 survivors (4096K)
 Metaspace       used 51022K, committed 51456K, reserved 1114112K
  class space    used 6591K, committed 6784K, reserved 1048576K
}
Event: 121,741 GC heap before
{Heap before GC invocations=15 (full 0):
 garbage-first heap   total 75776K, used 58460K [0x00000000c0000000, 0x0000000100000000)
  region size 1024K, 26 young (26624K), 4 survivors (4096K)
 Metaspace       used 53683K, committed 54208K, reserved 1114112K
  class space    used 6834K, committed 7104K, reserved 1048576K
}
Event: 121,759 GC heap after
{Heap after GC invocations=16 (full 0):
 garbage-first heap   total 75776K, used 43521K [0x00000000c0000000, 0x0000000100000000)
  region size 1024K, 4 young (4096K), 4 survivors (4096K)
 Metaspace       used 53683K, committed 54208K, reserved 1114112K
  class space    used 6834K, committed 7104K, reserved 1048576K
}
Event: 122,369 GC heap before
{Heap before GC invocations=16 (full 0):
 garbage-first heap   total 75776K, used 55809K [0x00000000c0000000, 0x0000000100000000)
  region size 1024K, 17 young (17408K), 4 survivors (4096K)
 Metaspace       used 56405K, committed 56896K, reserved 1114112K
  class space    used 7153K, committed 7360K, reserved 1048576K
}

