# JRE version: OpenJDK Runtime Environment Temurin-17.0.12+7 (17.0.12+7) (build 17.0.12+7)
# Java VM: OpenJDK 64-Bit Server VM Temurin-17.0.12+7 (17.0.12+7, mixed mode, tiered, compressed oops, compressed class ptrs, g1 gc, linux-amd64)
GC Precious Log:
 CPUs: 4 total, 4 available
 Memory: 7828M
 Large Page Support: Disabled
 NUMA Support: Disabled
 Compressed Oops: Enabled (32-bit)
 Heap Region Size: 1M
 Heap Min Capacity: 8M
 Heap Initial Capacity: 124M
 Heap Max Capacity: 1958M
 Pre-touch: Disabled
 Parallel Workers: 4
 Concurrent Workers: 1
 Concurrent Refinement Workers: 4
 Periodic GC: Disabled
Heap:
 garbage-first heap   total 49152K, used 31215K [0x0000000085a00000, 0x0000000100000000)
  region size 1024K, 14 young (14336K), 3 survivors (3072K)
 Metaspace       used 39578K, committed 40000K, reserved 1114112K
  class space    used 5040K, committed 5248K, reserved 1048576K
GC Heap History (20 events):
Event: 1,501 GC heap before
{Heap before GC invocations=1 (full 0):
 garbage-first heap   total 126976K, used 15604K [0x0000000085a00000, 0x0000000100000000)
  region size 1024K, 10 young (10240K), 2 survivors (2048K)
 Metaspace       used 15142K, committed 15360K, reserved 1114112K
  class space    used 1687K, committed 1792K, reserved 1048576K
}
Event: 1,506 GC heap after
{Heap after GC invocations=2 (full 0):
 garbage-first heap   total 126976K, used 8568K [0x0000000085a00000, 0x0000000100000000)
  region size 1024K, 2 young (2048K), 2 survivors (2048K)
 Metaspace       used 15142K, committed 15360K, reserved 1114112K
  class space    used 1687K, committed 1792K, reserved 1048576K
}
Event: 2,191 GC heap before
{Heap before GC invocations=2 (full 0):
 garbage-first heap   total 126976K, used 30072K [0x0000000085a00000, 0x0000000100000000)
  region size 1024K, 24 young (24576K), 2 survivors (2048K)
 Metaspace       used 20723K, committed 20928K, reserved 1114112K
  class space    used 2467K, committed 2560K, reserved 1048576K
}
Event: 2,200 GC heap after
{Heap after GC invocations=3 (full 0):
 garbage-first heap   total 126976K, used 10082K [0x0000000085a00000, 0x0000000100000000)
  region size 1024K, 3 young (3072K), 3 survivors (3072K)
 Metaspace       used 20723K, committed 20928K, reserved 1114112K
  class space    used 2467K, committed 2560K, reserved 1048576K
}
Event: 2,282 GC heap before
{Heap before GC invocations=3 (full 0):
 garbage-first heap   total 126976K, used 12130K [0x0000000085a00000, 0x0000000100000000)
  region size 1024K, 6 young (6144K), 3 survivors (3072K)
 Metaspace       used 21263K, committed 21504K, reserved 1114112K
  class space    used 2584K, committed 2688K, reserved 1048576K
}
Event: 2,287 GC heap after
{Heap after GC invocations=4 (full 0):
 garbage-first heap   total 126976K, used 10337K [0x0000000085a00000, 0x0000000100000000)
  region size 1024K, 3 young (3072K), 3 survivors (3072K)
 Metaspace       used 21263K, committed 21504K, reserved 1114112K
  class space    used 2584K, committed 2688K, reserved 1048576K
}
Event: 2,733 GC heap before
{Heap before GC invocations=5 (full 0):
 garbage-first heap   total 40960K, used 29793K [0x0000000085a00000, 0x0000000100000000)
  region size 1024K, 23 young (23552K), 3 survivors (3072K)
 Metaspace       used 25939K, committed 26240K, reserved 1114112K
  class space    used 3199K, committed 3328K, reserved 1048576K
}
Event: 2,742 GC heap after
{Heap after GC invocations=6 (full 0):
 garbage-first heap   total 40960K, used 11916K [0x0000000085a00000, 0x0000000100000000)
  region size 1024K, 5 young (5120K), 5 survivors (5120K)
 Metaspace       used 25939K, committed 26240K, reserved 1114112K
  class space    used 3199K, committed 3328K, reserved 1048576K
}
Event: 3,001 GC heap before
{Heap before GC invocations=6 (full 0):
 garbage-first heap   total 40960K, used 25228K [0x0000000085a00000, 0x0000000100000000)
  region size 1024K, 19 young (19456K), 5 survivors (5120K)
 Metaspace       used 28063K, committed 28352K, reserved 1114112K
  class space    used 3446K, committed 3584K, reserved 1048576K
}
Event: 3,009 GC heap after
{Heap after GC invocations=7 (full 0):
 garbage-first heap   total 40960K, used 13359K [0x0000000085a00000, 0x0000000100000000)
  region size 1024K, 2 young (2048K), 2 survivors (2048K)
 Metaspace       used 28063K, committed 28352K, reserved 1114112K
  class space    used 3446K, committed 3584K, reserved 1048576K
}
Event: 3,397 GC heap before
{Heap before GC invocations=7 (full 0):
 garbage-first heap   total 40960K, used 27695K [0x0000000085a00000, 0x0000000100000000)
  region size 1024K, 16 young (16384K), 2 survivors (2048K)
 Metaspace       used 29790K, committed 30144K, reserved 1114112K
  class space    used 3669K, committed 3840K, reserved 1048576K
}
Event: 3,408 GC heap after
{Heap after GC invocations=8 (full 0):
 garbage-first heap   total 49152K, used 15336K [0x0000000085a00000, 0x0000000100000000)
  region size 1024K, 2 young (2048K), 2 survivors (2048K)
 Metaspace       used 29790K, committed 30144K, reserved 1114112K
  class space    used 3669K, committed 3840K, reserved 1048576K
}
Event: 4,417 GC heap before
{Heap before GC invocations=8 (full 0):
 garbage-first heap   total 49152K, used 34792K [0x0000000085a00000, 0x0000000100000000)
  region size 1024K, 21 young (21504K), 2 survivors (2048K)
 Metaspace       used 31933K, committed 32256K, reserved 1114112K
  class space    used 3930K, committed 4096K, reserved 1048576K
}
Event: 4,428 GC heap after
{Heap after GC invocations=9 (full 0):
 garbage-first heap   total 49152K, used 17149K [0x0000000085a00000, 0x0000000100000000)
  region size 1024K, 2 young (2048K), 2 survivors (2048K)
 Metaspace       used 31933K, committed 32256K, reserved 1114112K
  class space    used 3930K, committed 4096K, reserved 1048576K
}
Event: 5,187 GC heap before
{Heap before GC invocations=9 (full 0):
 garbage-first heap   total 49152K, used 35581K [0x0000000085a00000, 0x0000000100000000)
  region size 1024K, 20 young (20480K), 2 survivors (2048K)
 Metaspace       used 34887K, committed 35136K, reserved 1114112K
  class space    used 4297K, committed 4416K, reserved 1048576K
}
Event: 5,194 GC heap after
{Heap after GC invocations=10 (full 0):
 garbage-first heap   total 49152K, used 18532K [0x0000000085a00000, 0x0000000100000000)
  region size 1024K, 2 young (2048K), 2 survivors (2048K)
 Metaspace       used 34887K, committed 35136K, reserved 1114112K
  class space    used 4297K, committed 4416K, reserved 1048576K
}
Event: 5,530 GC heap before
{Heap before GC invocations=10 (full 0):
 garbage-first heap   total 49152K, used 27748K [0x0000000085a00000, 0x0000000100000000)
  region size 1024K, 12 young (12288K), 2 survivors (2048K)
 Metaspace       used 35700K, committed 35968K, reserved 1114112K
  class space    used 4420K, committed 4544K, reserved 1048576K
}
Event: 5,537 GC heap after
{Heap after GC invocations=11 (full 0):
 garbage-first heap   total 49152K, used 19495K [0x0000000085a00000, 0x0000000100000000)
  region size 1024K, 3 young (3072K), 3 survivors (3072K)
 Metaspace       used 35700K, committed 35968K, reserved 1114112K
  class space    used 4420K, committed 4544K, reserved 1048576K
}
Event: 6,264 GC heap before
{Heap before GC invocations=12 (full 0):
 garbage-first heap   total 49152K, used 35879K [0x0000000085a00000, 0x0000000100000000)
  region size 1024K, 19 young (19456K), 3 survivors (3072K)
 Metaspace       used 38415K, committed 38848K, reserved 1114112K
  class space    used 4838K, committed 5056K, reserved 1048576K
}
Event: 6,272 GC heap after
{Heap after GC invocations=13 (full 0):
 garbage-first heap   total 49152K, used 20975K [0x0000000085a00000, 0x0000000100000000)
  region size 1024K, 3 young (3072K), 3 survivors (3072K)
 Metaspace       used 38415K, committed 38848K, reserved 1114112K
  class space    used 4838K, committed 5056K, reserved 1048576K
}

