# JRE version: OpenJDK Runtime Environment Temurin-17.0.12+7 (17.0.12+7) (build 17.0.12+7)
# Java VM: OpenJDK 64-Bit Server VM Temurin-17.0.12+7 (17.0.12+7, mixed mode, tiered, compressed oops, compressed class ptrs, g1 gc, linux-amd64)
GC Precious Log:
 CPUs: 4 total, 4 available
 Memory: 7828M
 Large Page Support: Disabled
 NUMA Support: Disabled
 Compressed Oops: Enabled (32-bit)
 Heap Region Size: 1M
 Heap Min Capacity: 8M
 Heap Initial Capacity: 124M
 Heap Max Capacity: 1958M
 Pre-touch: Disabled
 Parallel Workers: 4
 Concurrent Workers: 1
 Concurrent Refinement Workers: 4
 Periodic GC: Disabled
Heap:
 garbage-first heap   total 219136K, used 134077K [0x0000000085a00000, 0x0000000100000000)
  region size 1024K, 80 young (81920K), 2 survivors (2048K)
 Metaspace       used 99297K, committed 100096K, reserved 1179648K
  class space    used 12950K, committed 13376K, reserved 1048576K
GC Heap History (20 events):
Event: 28,420 GC heap before
{Heap before GC invocations=41 (full 0):
 garbage-first heap   total 73728K, used 59045K [0x0000000085a00000, 0x0000000100000000)
  region size 1024K, 23 young (23552K), 2 survivors (2048K)
 Metaspace       used 81401K, committed 82048K, reserved 1179648K
  class space    used 11118K, committed 11456K, reserved 1048576K
}
Event: 28,424 GC heap after
{Heap after GC invocations=42 (full 0):
 garbage-first heap   total 73728K, used 39360K [0x0000000085a00000, 0x0000000100000000)
  region size 1024K, 3 young (3072K), 3 survivors (3072K)
 Metaspace       used 81401K, committed 82048K, reserved 1179648K
  class space    used 11118K, committed 11456K, reserved 1048576K
}
Event: 28,692 GC heap before
{Heap before GC invocations=42 (full 0):
 garbage-first heap   total 73728K, used 59840K [0x0000000085a00000, 0x0000000100000000)
  region size 1024K, 23 young (23552K), 3 survivors (3072K)
 Metaspace       used 81611K, committed 82240K, reserved 1179648K
  class space    used 11136K, committed 11456K, reserved 1048576K
}
Event: 28,699 GC heap after
{Heap after GC invocations=43 (full 0):
 garbage-first heap   total 73728K, used 39960K [0x0000000085a00000, 0x0000000100000000)
  region size 1024K, 1 young (1024K), 1 survivors (1024K)
 Metaspace       used 81611K, committed 82240K, reserved 1179648K
  class space    used 11136K, committed 11456K, reserved 1048576K
}
Event: 28,965 GC heap before
{Heap before GC invocations=44 (full 0):
 garbage-first heap   total 76800K, used 60440K [0x0000000085a00000, 0x0000000100000000)
  region size 1024K, 21 young (21504K), 1 survivors (1024K)
 Metaspace       used 81831K, committed 82432K, reserved 1179648K
  class space    used 11148K, committed 11456K, reserved 1048576K
}
Event: 28,969 GC heap after
{Heap after GC invocations=45 (full 0):
 garbage-first heap   total 76800K, used 41501K [0x0000000085a00000, 0x0000000100000000)
  region size 1024K, 3 young (3072K), 3 survivors (3072K)
 Metaspace       used 81831K, committed 82432K, reserved 1179648K
  class space    used 11148K, committed 11456K, reserved 1048576K
}
Event: 28,972 GC heap before
{Heap before GC invocations=45 (full 0):
 garbage-first heap   total 76800K, used 42525K [0x0000000085a00000, 0x0000000100000000)
  region size 1024K, 4 young (4096K), 3 survivors (3072K)
 Metaspace       used 81831K, committed 82432K, reserved 1179648K
  class space    used 11148K, committed 11456K, reserved 1048576K
}
Event: 28,976 GC heap after
{Heap after GC invocations=46 (full 0):
 garbage-first heap   total 76800K, used 41404K [0x0000000085a00000, 0x0000000100000000)
  region size 1024K, 1 young (1024K), 1 survivors (1024K)
 Metaspace       used 81831K, committed 82432K, reserved 1179648K
  class space    used 11148K, committed 11456K, reserved 1048576K
}
Event: 29,159 GC heap before
{Heap before GC invocations=46 (full 0):
 garbage-first heap   total 76800K, used 61884K [0x0000000085a00000, 0x0000000100000000)
  region size 1024K, 21 young (21504K), 1 survivors (1024K)
 Metaspace       used 82086K, committed 82688K, reserved 1179648K
  class space    used 11159K, committed 11456K, reserved 1048576K
}
Event: 29,163 GC heap after
{Heap after GC invocations=47 (full 0):
 garbage-first heap   total 76800K, used 42718K [0x0000000085a00000, 0x0000000100000000)
  region size 1024K, 2 young (2048K), 2 survivors (2048K)
 Metaspace       used 82086K, committed 82688K, reserved 1179648K
  class space    used 11159K, committed 11456K, reserved 1048576K
}
Event: 29,316 GC heap before
{Heap before GC invocations=47 (full 0):
 garbage-first heap   total 101376K, used 62174K [0x0000000085a00000, 0x0000000100000000)
  region size 1024K, 21 young (21504K), 2 survivors (2048K)
 Metaspace       used 82167K, committed 82752K, reserved 1179648K
  class space    used 11166K, committed 11456K, reserved 1048576K
}
Event: 29,326 GC heap after
{Heap after GC invocations=48 (full 0):
 garbage-first heap   total 285696K, used 44670K [0x0000000085a00000, 0x0000000100000000)
  region size 1024K, 3 young (3072K), 3 survivors (3072K)
 Metaspace       used 82167K, committed 82752K, reserved 1179648K
  class space    used 11166K, committed 11456K, reserved 1048576K
}
Event: 590,442 GC heap before
{Heap before GC invocations=49 (full 0):
 garbage-first heap   total 285696K, used 212606K [0x0000000085a00000, 0x0000000100000000)
  region size 1024K, 167 young (171008K), 3 survivors (3072K)
 Metaspace       used 93375K, committed 94016K, reserved 1179648K
  class space    used 12649K, committed 12928K, reserved 1048576K
}
Event: 590,469 GC heap after
{Heap after GC invocations=50 (full 0):
 garbage-first heap   total 285696K, used 55298K [0x0000000085a00000, 0x0000000100000000)
  region size 1024K, 14 young (14336K), 14 survivors (14336K)
 Metaspace       used 93375K, committed 94016K, reserved 1179648K
  class space    used 12649K, committed 12928K, reserved 1048576K
}
Event: 590,481 GC heap before
{Heap before GC invocations=50 (full 0):
 garbage-first heap   total 285696K, used 56322K [0x0000000085a00000, 0x0000000100000000)
  region size 1024K, 15 young (15360K), 14 survivors (14336K)
 Metaspace       used 93379K, committed 94016K, reserved 1179648K
  class space    used 12649K, committed 12928K, reserved 1048576K
}
Event: 590,509 GC heap after
{Heap after GC invocations=51 (full 0):
 garbage-first heap   total 285696K, used 56650K [0x0000000085a00000, 0x0000000100000000)
  region size 1024K, 2 young (2048K), 2 survivors (2048K)
 Metaspace       used 93379K, committed 94016K, reserved 1179648K
  class space    used 12649K, committed 12928K, reserved 1048576K
}
Event: 760,839 GC heap before
{Heap before GC invocations=51 (full 0):
 garbage-first heap   total 285696K, used 209226K [0x0000000085a00000, 0x0000000100000000)
  region size 1024K, 152 young (155648K), 2 survivors (2048K)
 Metaspace       used 96996K, committed 97792K, reserved 1179648K
  class space    used 12840K, committed 13184K, reserved 1048576K
}
Event: 760,856 GC heap after
{Heap after GC invocations=52 (full 0):
 garbage-first heap   total 285696K, used 55889K [0x0000000085a00000, 0x0000000100000000)
  region size 1024K, 2 young (2048K), 2 survivors (2048K)
 Metaspace       used 96996K, committed 97792K, reserved 1179648K
  class space    used 12840K, committed 13184K, reserved 1048576K
}
Event: 774,773 GC heap before
{Heap before GC invocations=52 (full 0):
 garbage-first heap   total 285696K, used 222801K [0x0000000085a00000, 0x0000000100000000)
  region size 1024K, 165 young (168960K), 2 survivors (2048K)
 Metaspace       used 98721K, committed 99456K, reserved 1179648K
  class space    used 12950K, committed 13312K, reserved 1048576K
}
Event: 774,786 GC heap after
{Heap after GC invocations=53 (full 0):
 garbage-first heap   total 285696K, used 56253K [0x0000000085a00000, 0x0000000100000000)
  region size 1024K, 2 young (2048K), 2 survivors (2048K)
 Metaspace       used 98721K, committed 99456K, reserved 1179648K
  class space    used 12950K, committed 13312K, reserved 1048576K
}

