# JRE version: OpenJDK Runtime Environment Temurin-17.0.12+7 (17.0.12+7) (build 17.0.12+7)
# Java VM: OpenJDK 64-Bit Server VM Temurin-17.0.12+7 (17.0.12+7, mixed mode, tiered, compressed oops, compressed class ptrs, g1 gc, linux-amd64)
GC Precious Log:
 CPUs: 4 total, 4 available
 Memory: 7828M
 Large Page Support: Disabled
 NUMA Support: Disabled
 Compressed Oops: Enabled (32-bit)
 Heap Region Size: 1M
 Heap Min Capacity: 8M
 Heap Initial Capacity: 124M
 Heap Max Capacity: 1958M
 Pre-touch: Disabled
 Parallel Workers: 4
 Concurrent Workers: 1
 Concurrent Refinement Workers: 4
 Periodic GC: Disabled
Heap:
 garbage-first heap   total 140288K, used 75871K [0x0000000085a00000, 0x0000000100000000)
  region size 1024K, 21 young (21504K), 4 survivors (4096K)
 Metaspace       used 94455K, committed 95104K, reserved 1179648K
  class space    used 12804K, committed 13120K, reserved 1048576K
GC Heap History (20 events):
Event: 66,758 GC heap before
{Heap before GC invocations=39 (full 0):
 garbage-first heap   total 61440K, used 49051K [0x0000000085a00000, 0x0000000100000000)
  region size 1024K, 17 young (17408K), 2 survivors (2048K)
 Metaspace       used 76773K, committed 77312K, reserved 1179648K
  class space    used 10352K, committed 10624K, reserved 1048576K
}
Event: 66,769 GC heap after
{Heap after GC invocations=40 (full 0):
 garbage-first heap   total 61440K, used 36512K [0x0000000085a00000, 0x0000000100000000)
  region size 1024K, 2 young (2048K), 2 survivors (2048K)
 Metaspace       used 76773K, committed 77312K, reserved 1179648K
  class space    used 10352K, committed 10624K, reserved 1048576K
}
Event: 67,248 GC heap before
{Heap before GC invocations=41 (full 0):
 garbage-first heap   total 71680K, used 49824K [0x0000000085a00000, 0x0000000100000000)
  region size 1024K, 15 young (15360K), 2 survivors (2048K)
 Metaspace       used 78450K, committed 78976K, reserved 1179648K
  class space    used 10722K, committed 10944K, reserved 1048576K
}
Event: 67,260 GC heap after
{Heap after GC invocations=42 (full 0):
 garbage-first heap   total 71680K, used 37796K [0x0000000085a00000, 0x0000000100000000)
  region size 1024K, 2 young (2048K), 2 survivors (2048K)
 Metaspace       used 78450K, committed 78976K, reserved 1179648K
  class space    used 10722K, committed 10944K, reserved 1048576K
}
Event: 67,576 GC heap before
{Heap before GC invocations=42 (full 0):
 garbage-first heap   total 71680K, used 57252K [0x0000000085a00000, 0x0000000100000000)
  region size 1024K, 21 young (21504K), 2 survivors (2048K)
 Metaspace       used 78471K, committed 78976K, reserved 1179648K
  class space    used 10722K, committed 10944K, reserved 1048576K
}
Event: 67,588 GC heap after
{Heap after GC invocations=43 (full 0):
 garbage-first heap   total 71680K, used 40960K [0x0000000085a00000, 0x0000000100000000)
  region size 1024K, 3 young (3072K), 3 survivors (3072K)
 Metaspace       used 78471K, committed 78976K, reserved 1179648K
  class space    used 10722K, committed 10944K, reserved 1048576K
}
Event: 68,058 GC heap before
{Heap before GC invocations=44 (full 0):
 garbage-first heap   total 83968K, used 55296K [0x0000000085a00000, 0x0000000100000000)
  region size 1024K, 18 young (18432K), 3 survivors (3072K)
 Metaspace       used 80283K, committed 80896K, reserved 1179648K
  class space    used 10968K, committed 11264K, reserved 1048576K
}
Event: 68,069 GC heap after
{Heap after GC invocations=45 (full 0):
 garbage-first heap   total 83968K, used 41783K [0x0000000085a00000, 0x0000000100000000)
  region size 1024K, 1 young (1024K), 1 survivors (1024K)
 Metaspace       used 80283K, committed 80896K, reserved 1179648K
  class space    used 10968K, committed 11264K, reserved 1048576K
}
Event: 68,885 GC heap before
{Heap before GC invocations=45 (full 0):
 garbage-first heap   total 83968K, used 66359K [0x0000000085a00000, 0x0000000100000000)
  region size 1024K, 25 young (25600K), 1 survivors (1024K)
 Metaspace       used 81682K, committed 82240K, reserved 1179648K
  class space    used 11138K, committed 11392K, reserved 1048576K
}
Event: 68,891 GC heap after
{Heap after GC invocations=46 (full 0):
 garbage-first heap   total 116736K, used 43375K [0x0000000085a00000, 0x0000000100000000)
  region size 1024K, 3 young (3072K), 3 survivors (3072K)
 Metaspace       used 81682K, committed 82240K, reserved 1179648K
  class space    used 11138K, committed 11392K, reserved 1048576K
}
Event: 69,402 GC heap before
{Heap before GC invocations=47 (full 0):
 garbage-first heap   total 116736K, used 90479K [0x0000000085a00000, 0x0000000100000000)
  region size 1024K, 49 young (50176K), 3 survivors (3072K)
 Metaspace       used 82060K, committed 82624K, reserved 1179648K
  class space    used 11165K, committed 11456K, reserved 1048576K
}
Event: 69,411 GC heap after
{Heap after GC invocations=48 (full 0):
 garbage-first heap   total 116736K, used 44635K [0x0000000085a00000, 0x0000000100000000)
  region size 1024K, 4 young (4096K), 4 survivors (4096K)
 Metaspace       used 82060K, committed 82624K, reserved 1179648K
  class space    used 11165K, committed 11456K, reserved 1048576K
}
Event: 70,025 GC heap before
{Heap before GC invocations=48 (full 0):
 garbage-first heap   total 116736K, used 94811K [0x0000000085a00000, 0x0000000100000000)
  region size 1024K, 53 young (54272K), 4 survivors (4096K)
 Metaspace       used 82580K, committed 83136K, reserved 1179648K
  class space    used 11192K, committed 11456K, reserved 1048576K
}
Event: 70,038 GC heap after
{Heap after GC invocations=49 (full 0):
 garbage-first heap   total 116736K, used 48770K [0x0000000085a00000, 0x0000000100000000)
  region size 1024K, 7 young (7168K), 7 survivors (7168K)
 Metaspace       used 82580K, committed 83136K, reserved 1179648K
  class space    used 11192K, committed 11456K, reserved 1048576K
}
Event: 71,726 GC heap before
{Heap before GC invocations=49 (full 0):
 garbage-first heap   total 116736K, used 93826K [0x0000000085a00000, 0x0000000100000000)
  region size 1024K, 51 young (52224K), 7 survivors (7168K)
 Metaspace       used 85067K, committed 85632K, reserved 1179648K
  class space    used 11488K, committed 11776K, reserved 1048576K
}
Event: 71,744 GC heap after
{Heap after GC invocations=50 (full 0):
 garbage-first heap   total 116736K, used 52602K [0x0000000085a00000, 0x0000000100000000)
  region size 1024K, 4 young (4096K), 4 survivors (4096K)
 Metaspace       used 85067K, committed 85632K, reserved 1179648K
  class space    used 11488K, committed 11776K, reserved 1048576K
}
Event: 73,289 GC heap before
{Heap before GC invocations=50 (full 0):
 garbage-first heap   total 116736K, used 93562K [0x0000000085a00000, 0x0000000100000000)
  region size 1024K, 44 young (45056K), 4 survivors (4096K)
 Metaspace       used 87581K, committed 88192K, reserved 1179648K
  class space    used 11851K, committed 12160K, reserved 1048576K
}
Event: 73,306 GC heap after
{Heap after GC invocations=51 (full 0):
 garbage-first heap   total 116736K, used 56378K [0x0000000085a00000, 0x0000000100000000)
  region size 1024K, 4 young (4096K), 4 survivors (4096K)
 Metaspace       used 87581K, committed 88192K, reserved 1179648K
  class space    used 11851K, committed 12160K, reserved 1048576K
}
Event: 847,219 GC heap before
{Heap before GC invocations=51 (full 0):
 garbage-first heap   total 116736K, used 93242K [0x0000000085a00000, 0x0000000100000000)
  region size 1024K, 41 young (41984K), 4 survivors (4096K)
 Metaspace       used 94073K, committed 94656K, reserved 1179648K
  class space    used 12766K, committed 13056K, reserved 1048576K
}
Event: 847,242 GC heap after
{Heap after GC invocations=52 (full 0):
 garbage-first heap   total 140288K, used 59487K [0x0000000085a00000, 0x0000000100000000)
  region size 1024K, 4 young (4096K), 4 survivors (4096K)
 Metaspace       used 94073K, committed 94656K, reserved 1179648K
  class space    used 12766K, committed 13056K, reserved 1048576K
}

