# JRE version: OpenJDK Runtime Environment Temurin-17.0.12+7 (17.0.12+7) (build 17.0.12+7)
# Java VM: OpenJDK 64-Bit Server VM Temurin-17.0.12+7 (17.0.12+7, mixed mode, tiered, compressed oops, compressed class ptrs, g1 gc, linux-amd64)
GC Precious Log:
 CPUs: 4 total, 4 available
 Memory: 7828M
 Large Page Support: Disabled
 NUMA Support: Disabled
 Compressed Oops: Enabled (32-bit)
 Heap Region Size: 1M
 Heap Min Capacity: 8M
 Heap Initial Capacity: 124M
 Heap Max Capacity: 1958M
 Pre-touch: Disabled
 Parallel Workers: 4
 Concurrent Workers: 1
 Concurrent Refinement Workers: 4
 Periodic GC: Disabled
Heap:
 garbage-first heap   total 194560K, used 114218K [0x0000000085a00000, 0x0000000100000000)
  region size 1024K, 59 young (60416K), 4 survivors (4096K)
 Metaspace       used 98826K, committed 99712K, reserved 1179648K
  class space    used 13196K, committed 13632K, reserved 1048576K
GC Heap History (20 events):
Event: 59,201 GC heap before
{Heap before GC invocations=35 (full 0):
 garbage-first heap   total 72704K, used 58247K [0x0000000085a00000, 0x0000000100000000)
  region size 1024K, 28 young (28672K), 4 survivors (4096K)
 Metaspace       used 77767K, committed 78336K, reserved 1179648K
  class space    used 10523K, committed 10816K, reserved 1048576K
}
Event: 59,214 GC heap after
{Heap after GC invocations=36 (full 0):
 garbage-first heap   total 72704K, used 37090K [0x0000000085a00000, 0x0000000100000000)
  region size 1024K, 3 young (3072K), 3 survivors (3072K)
 Metaspace       used 77767K, committed 78336K, reserved 1179648K
  class space    used 10523K, committed 10816K, reserved 1048576K
}
Event: 59,417 GC heap before
{Heap before GC invocations=36 (full 0):
 garbage-first heap   total 72704K, used 58594K [0x0000000085a00000, 0x0000000100000000)
  region size 1024K, 24 young (24576K), 3 survivors (3072K)
 Metaspace       used 78493K, committed 79040K, reserved 1179648K
  class space    used 10725K, committed 11008K, reserved 1048576K
}
Event: 59,428 GC heap after
{Heap after GC invocations=37 (full 0):
 garbage-first heap   total 72704K, used 40572K [0x0000000085a00000, 0x0000000100000000)
  region size 1024K, 3 young (3072K), 3 survivors (3072K)
 Metaspace       used 78493K, committed 79040K, reserved 1179648K
  class space    used 10725K, committed 11008K, reserved 1048576K
}
Event: 59,804 GC heap before
{Heap before GC invocations=38 (full 0):
 garbage-first heap   total 81920K, used 55932K [0x0000000085a00000, 0x0000000100000000)
  region size 1024K, 19 young (19456K), 3 survivors (3072K)
 Metaspace       used 80205K, committed 80768K, reserved 1179648K
  class space    used 10968K, committed 11264K, reserved 1048576K
}
Event: 59,823 GC heap after
{Heap after GC invocations=39 (full 0):
 garbage-first heap   total 81920K, used 42385K [0x0000000085a00000, 0x0000000100000000)
  region size 1024K, 2 young (2048K), 2 survivors (2048K)
 Metaspace       used 80205K, committed 80768K, reserved 1179648K
  class space    used 10968K, committed 11264K, reserved 1048576K
}
Event: 59,881 GC heap before
{Heap before GC invocations=39 (full 0):
 garbage-first heap   total 81920K, used 44433K [0x0000000085a00000, 0x0000000100000000)
  region size 1024K, 4 young (4096K), 2 survivors (2048K)
 Metaspace       used 80279K, committed 80832K, reserved 1179648K
  class space    used 10979K, committed 11264K, reserved 1048576K
}
Event: 59,896 GC heap after
{Heap after GC invocations=40 (full 0):
 garbage-first heap   total 81920K, used 41863K [0x0000000085a00000, 0x0000000100000000)
  region size 1024K, 1 young (1024K), 1 survivors (1024K)
 Metaspace       used 80279K, committed 80832K, reserved 1179648K
  class space    used 10979K, committed 11264K, reserved 1048576K
}
Event: 60,887 GC heap before
{Heap before GC invocations=40 (full 0):
 garbage-first heap   total 81920K, used 63367K [0x0000000085a00000, 0x0000000100000000)
  region size 1024K, 22 young (22528K), 1 survivors (1024K)
 Metaspace       used 81601K, committed 82240K, reserved 1179648K
  class space    used 11139K, committed 11456K, reserved 1048576K
}
Event: 60,895 GC heap after
{Heap after GC invocations=41 (full 0):
 garbage-first heap   total 81920K, used 43343K [0x0000000085a00000, 0x0000000100000000)
  region size 1024K, 2 young (2048K), 2 survivors (2048K)
 Metaspace       used 81601K, committed 82240K, reserved 1179648K
  class space    used 11139K, committed 11456K, reserved 1048576K
}
Event: 61,175 GC heap before
{Heap before GC invocations=42 (full 0):
 garbage-first heap   total 97280K, used 64847K [0x0000000085a00000, 0x0000000100000000)
  region size 1024K, 23 young (23552K), 2 survivors (2048K)
 Metaspace       used 81759K, committed 82368K, reserved 1179648K
  class space    used 11157K, committed 11456K, reserved 1048576K
}
Event: 61,188 GC heap after
{Heap after GC invocations=43 (full 0):
 garbage-first heap   total 97280K, used 44054K [0x0000000085a00000, 0x0000000100000000)
  region size 1024K, 1 young (1024K), 1 survivors (1024K)
 Metaspace       used 81759K, committed 82368K, reserved 1179648K
  class space    used 11157K, committed 11456K, reserved 1048576K
}
Event: 61,246 GC heap before
{Heap before GC invocations=43 (full 0):
 garbage-first heap   total 97280K, used 47126K [0x0000000085a00000, 0x0000000100000000)
  region size 1024K, 4 young (4096K), 1 survivors (1024K)
 Metaspace       used 81820K, committed 82432K, reserved 1179648K
  class space    used 11161K, committed 11456K, reserved 1048576K
}
Event: 61,251 GC heap after
{Heap after GC invocations=44 (full 0):
 garbage-first heap   total 194560K, used 43246K [0x0000000085a00000, 0x0000000100000000)
  region size 1024K, 1 young (1024K), 1 survivors (1024K)
 Metaspace       used 81820K, committed 82432K, reserved 1179648K
  class space    used 11161K, committed 11456K, reserved 1048576K
}
Event: 62,817 GC heap before
{Heap before GC invocations=44 (full 0):
 garbage-first heap   total 194560K, used 140526K [0x0000000085a00000, 0x0000000100000000)
  region size 1024K, 96 young (98304K), 1 survivors (1024K)
 Metaspace       used 83159K, committed 83776K, reserved 1179648K
  class space    used 11251K, committed 11584K, reserved 1048576K
}
Event: 62,836 GC heap after
{Heap after GC invocations=45 (full 0):
 garbage-first heap   total 194560K, used 48284K [0x0000000085a00000, 0x0000000100000000)
  region size 1024K, 6 young (6144K), 6 survivors (6144K)
 Metaspace       used 83159K, committed 83776K, reserved 1179648K
  class space    used 11251K, committed 11584K, reserved 1048576K
}
Event: 370,965 GC heap before
{Heap before GC invocations=45 (full 0):
 garbage-first heap   total 194560K, used 150684K [0x0000000085a00000, 0x0000000100000000)
  region size 1024K, 106 young (108544K), 6 survivors (6144K)
 Metaspace       used 93724K, committed 94400K, reserved 1179648K
  class space    used 12734K, committed 13056K, reserved 1048576K
}
Event: 371,048 GC heap after
{Heap after GC invocations=46 (full 0):
 garbage-first heap   total 194560K, used 55894K [0x0000000085a00000, 0x0000000100000000)
  region size 1024K, 13 young (13312K), 13 survivors (13312K)
 Metaspace       used 93724K, committed 94400K, reserved 1179648K
  class space    used 12734K, committed 13056K, reserved 1048576K
}
Event: 1049,073 GC heap before
{Heap before GC invocations=46 (full 0):
 garbage-first heap   total 194560K, used 151126K [0x0000000085a00000, 0x0000000100000000)
  region size 1024K, 107 young (109568K), 13 survivors (13312K)
 Metaspace       used 97995K, committed 98880K, reserved 1179648K
  class space    used 13128K, committed 13568K, reserved 1048576K
}
Event: 1049,138 GC heap after
{Heap after GC invocations=47 (full 0):
 garbage-first heap   total 194560K, used 58922K [0x0000000085a00000, 0x0000000100000000)
  region size 1024K, 4 young (4096K), 4 survivors (4096K)
 Metaspace       used 97995K, committed 98880K, reserved 1179648K
  class space    used 13128K, committed 13568K, reserved 1048576K
}

