# JRE version: OpenJDK Runtime Environment Temurin-17.0.12+7 (17.0.12+7) (build 17.0.12+7)
# Java VM: OpenJDK 64-Bit Server VM Temurin-17.0.12+7 (17.0.12+7, mixed mode, tiered, compressed oops, compressed class ptrs, g1 gc, linux-amd64)
GC Precious Log:
 CPUs: 4 total, 4 available
 Memory: 7828M
 Large Page Support: Disabled
 NUMA Support: Disabled
 Compressed Oops: Enabled (32-bit)
 Heap Region Size: 1M
 Heap Min Capacity: 8M
 Heap Initial Capacity: 124M
 Heap Max Capacity: 1958M
 Pre-touch: Disabled
 Parallel Workers: 4
 Concurrent Workers: 1
 Concurrent Refinement Workers: 4
 Periodic GC: Disabled
Heap:
 garbage-first heap   total 45056K, used 25915K [0x0000000085a00000, 0x0000000100000000)
  region size 1024K, 7 young (7168K), 1 survivors (1024K)
 Metaspace       used 36584K, committed 36928K, reserved 1114112K
  class space    used 4603K, committed 4736K, reserved 1048576K
GC Heap History (20 events):
Event: 5,061 GC heap before
{Heap before GC invocations=0 (full 0):
 garbage-first heap   total 126976K, used 14336K [0x0000000085a00000, 0x0000000100000000)
  region size 1024K, 13 young (13312K), 0 survivors (0K)
 Metaspace       used 9441K, committed 9600K, reserved 1114112K
  class space    used 963K, committed 1024K, reserved 1048576K
}
Event: 5,068 GC heap after
{Heap after GC invocations=1 (full 0):
 garbage-first heap   total 126976K, used 6950K [0x0000000085a00000, 0x0000000100000000)
  region size 1024K, 2 young (2048K), 2 survivors (2048K)
 Metaspace       used 9441K, committed 9600K, reserved 1114112K
  class space    used 963K, committed 1024K, reserved 1048576K
}
Event: 8,155 GC heap before
{Heap before GC invocations=1 (full 0):
 garbage-first heap   total 126976K, used 18214K [0x0000000085a00000, 0x0000000100000000)
  region size 1024K, 13 young (13312K), 2 survivors (2048K)
 Metaspace       used 13139K, committed 13376K, reserved 1114112K
  class space    used 1468K, committed 1600K, reserved 1048576K
}
Event: 8,161 GC heap after
{Heap after GC invocations=2 (full 0):
 garbage-first heap   total 126976K, used 8115K [0x0000000085a00000, 0x0000000100000000)
  region size 1024K, 2 young (2048K), 2 survivors (2048K)
 Metaspace       used 13139K, committed 13376K, reserved 1114112K
  class space    used 1468K, committed 1600K, reserved 1048576K
}
Event: 12,222 GC heap before
{Heap before GC invocations=2 (full 0):
 garbage-first heap   total 126976K, used 31667K [0x0000000085a00000, 0x0000000100000000)
  region size 1024K, 26 young (26624K), 2 survivors (2048K)
 Metaspace       used 19254K, committed 19520K, reserved 1114112K
  class space    used 2372K, committed 2496K, reserved 1048576K
}
Event: 12,231 GC heap after
{Heap after GC invocations=3 (full 0):
 garbage-first heap   total 126976K, used 9818K [0x0000000085a00000, 0x0000000100000000)
  region size 1024K, 3 young (3072K), 3 survivors (3072K)
 Metaspace       used 19254K, committed 19520K, reserved 1114112K
  class space    used 2372K, committed 2496K, reserved 1048576K
}
Event: 13,635 GC heap before
{Heap before GC invocations=3 (full 0):
 garbage-first heap   total 126976K, used 30298K [0x0000000085a00000, 0x0000000100000000)
  region size 1024K, 24 young (24576K), 3 survivors (3072K)
 Metaspace       used 21265K, committed 21504K, reserved 1114112K
  class space    used 2594K, committed 2688K, reserved 1048576K
}
Event: 13,643 GC heap after
{Heap after GC invocations=4 (full 0):
 garbage-first heap   total 126976K, used 11870K [0x0000000085a00000, 0x0000000100000000)
  region size 1024K, 5 young (5120K), 5 survivors (5120K)
 Metaspace       used 21265K, committed 21504K, reserved 1114112K
  class space    used 2594K, committed 2688K, reserved 1048576K
}
Event: 16,819 GC heap before
{Heap before GC invocations=5 (full 0):
 garbage-first heap   total 45056K, used 33374K [0x0000000085a00000, 0x0000000100000000)
  region size 1024K, 26 young (26624K), 5 survivors (5120K)
 Metaspace       used 26083K, committed 26368K, reserved 1114112K
  class space    used 3127K, committed 3264K, reserved 1048576K
}
Event: 16,837 GC heap after
{Heap after GC invocations=6 (full 0):
 garbage-first heap   total 45056K, used 14305K [0x0000000085a00000, 0x0000000100000000)
  region size 1024K, 3 young (3072K), 3 survivors (3072K)
 Metaspace       used 26083K, committed 26368K, reserved 1114112K
  class space    used 3127K, committed 3264K, reserved 1048576K
}
Event: 18,553 GC heap before
{Heap before GC invocations=6 (full 0):
 garbage-first heap   total 45056K, used 28641K [0x0000000085a00000, 0x0000000100000000)
  region size 1024K, 18 young (18432K), 3 survivors (3072K)
 Metaspace       used 28766K, committed 28992K, reserved 1114112K
  class space    used 3503K, committed 3584K, reserved 1048576K
}
Event: 18,560 GC heap after
{Heap after GC invocations=7 (full 0):
 garbage-first heap   total 45056K, used 16072K [0x0000000085a00000, 0x0000000100000000)
  region size 1024K, 2 young (2048K), 2 survivors (2048K)
 Metaspace       used 28766K, committed 28992K, reserved 1114112K
  class space    used 3503K, committed 3584K, reserved 1048576K
}
Event: 21,169 GC heap before
{Heap before GC invocations=7 (full 0):
 garbage-first heap   total 45056K, used 31432K [0x0000000085a00000, 0x0000000100000000)
  region size 1024K, 17 young (17408K), 2 survivors (2048K)
 Metaspace       used 30665K, committed 30912K, reserved 1114112K
  class space    used 3763K, committed 3904K, reserved 1048576K
}
Event: 21,177 GC heap after
{Heap after GC invocations=8 (full 0):
 garbage-first heap   total 45056K, used 17583K [0x0000000085a00000, 0x0000000100000000)
  region size 1024K, 2 young (2048K), 2 survivors (2048K)
 Metaspace       used 30665K, committed 30912K, reserved 1114112K
  class space    used 3763K, committed 3904K, reserved 1048576K
}
Event: 22,380 GC heap before
{Heap before GC invocations=8 (full 0):
 garbage-first heap   total 45056K, used 31919K [0x0000000085a00000, 0x0000000100000000)
  region size 1024K, 16 young (16384K), 2 survivors (2048K)
 Metaspace       used 32402K, committed 32704K, reserved 1114112K
  class space    used 3973K, committed 4096K, reserved 1048576K
}
Event: 22,387 GC heap after
{Heap after GC invocations=9 (full 0):
 garbage-first heap   total 45056K, used 18896K [0x0000000085a00000, 0x0000000100000000)
  region size 1024K, 2 young (2048K), 2 survivors (2048K)
 Metaspace       used 32402K, committed 32704K, reserved 1114112K
  class space    used 3973K, committed 4096K, reserved 1048576K
}
Event: 24,086 GC heap before
{Heap before GC invocations=9 (full 0):
 garbage-first heap   total 45056K, used 32208K [0x0000000085a00000, 0x0000000100000000)
  region size 1024K, 15 young (15360K), 2 survivors (2048K)
 Metaspace       used 34564K, committed 34944K, reserved 1114112K
  class space    used 4283K, committed 4480K, reserved 1048576K
}
Event: 24,094 GC heap after
{Heap after GC invocations=10 (full 0):
 garbage-first heap   total 45056K, used 20138K [0x0000000085a00000, 0x0000000100000000)
  region size 1024K, 2 young (2048K), 2 survivors (2048K)
 Metaspace       used 34564K, committed 34944K, reserved 1114112K
  class space    used 4283K, committed 4480K, reserved 1048576K
}
Event: 25,083 GC heap before
{Heap before GC invocations=10 (full 0):
 garbage-first heap   total 45056K, used 26282K [0x0000000085a00000, 0x0000000100000000)
  region size 1024K, 9 young (9216K), 2 survivors (2048K)
 Metaspace       used 35779K, committed 36096K, reserved 1114112K
  class space    used 4472K, committed 4608K, reserved 1048576K
}
Event: 25,089 GC heap after
{Heap after GC invocations=11 (full 0):
 garbage-first heap   total 45056K, used 20795K [0x0000000085a00000, 0x0000000100000000)
  region size 1024K, 1 young (1024K), 1 survivors (1024K)
 Metaspace       used 35779K, committed 36096K, reserved 1114112K
  class space    used 4472K, committed 4608K, reserved 1048576K
}

