# JRE version: OpenJDK Runtime Environment Temurin-17.0.12+7 (17.0.12+7) (build 17.0.12+7)
# Java VM: OpenJDK 64-Bit Server VM Temurin-17.0.12+7 (17.0.12+7, mixed mode, tiered, compressed oops, compressed class ptrs, parallel gc, linux-amd64)
GC Precious Log:
 CPUs: 4 total, 4 available
 Memory: 7828M
 Large Page Support: Disabled
 NUMA Support: Disabled
 Compressed Oops: Enabled (32-bit)
 Alignments: Space 512K, Generation 512K, Heap 2M
 Heap Min Capacity: 100M
 Heap Initial Capacity: 100M
 Heap Max Capacity: 1G
 Pre-touch: Disabled
 Parallel Workers: 4
Heap:
 PSYoungGen      total 16896K, used 16180K [0x00000000eab00000, 0x00000000ec080000, 0x0000000100000000)
  eden space 14848K, 95% used [0x00000000eab00000,0x00000000eb8d40c0,0x00000000eb980000)
  from space 2048K, 98% used [0x00000000ebc80000,0x00000000ebe79290,0x00000000ebe80000)
  to   space 3072K, 0% used [0x00000000eb980000,0x00000000eb980000,0x00000000ebc80000)
 ParOldGen       total 93184K, used 64547K [0x00000000c0000000, 0x00000000c5b00000, 0x00000000eab00000)
  object space 93184K, 69% used [0x00000000c0000000,0x00000000c3f08c40,0x00000000c5b00000)
 Metaspace       used 86674K, committed 87936K, reserved 1179648K
  class space    used 8749K, committed 9280K, reserved 1048576K
GC Heap History (20 events):
Event: 2497,940 GC heap before
{Heap before GC invocations=564 (full 19):
 PSYoungGen      total 22528K, used 22498K [0x00000000eab00000, 0x00000000ec680000, 0x0000000100000000)
  eden space 18432K, 100% used [0x00000000eab00000,0x00000000ebd00000,0x00000000ebd00000)
  from space 4096K, 99% used [0x00000000ec180000,0x00000000ec578910,0x00000000ec580000)
  to   space 4608K, 0% used [0x00000000ebd00000,0x00000000ebd00000,0x00000000ec180000)
 ParOldGen       total 120832K, used 115745K [0x00000000c0000000, 0x00000000c7600000, 0x00000000eab00000)
  object space 120832K, 95% used [0x00000000c0000000,0x00000000c71085c0,0x00000000c7600000)
 Metaspace       used 86623K, committed 87936K, reserved 1179648K
  class space    used 8749K, committed 9280K, reserved 1048576K
}
Event: 2497,951 GC heap after
{Heap after GC invocations=564 (full 19):
 PSYoungGen      total 23040K, used 4392K [0x00000000eab00000, 0x00000000ec600000, 0x0000000100000000)
  eden space 18432K, 0% used [0x00000000eab00000,0x00000000eab00000,0x00000000ebd00000)
  from space 4608K, 95% used [0x00000000ebd00000,0x00000000ec14a050,0x00000000ec180000)
  to   space 4608K, 0% used [0x00000000ec180000,0x00000000ec180000,0x00000000ec600000)
 ParOldGen       total 120832K, used 116366K [0x00000000c0000000, 0x00000000c7600000, 0x00000000eab00000)
  object space 120832K, 96% used [0x00000000c0000000,0x00000000c71a38d8,0x00000000c7600000)
 Metaspace       used 86623K, committed 87936K, reserved 1179648K
  class space    used 8749K, committed 9280K, reserved 1048576K
}
Event: 2498,006 GC heap before
{Heap before GC invocations=565 (full 19):
 PSYoungGen      total 23040K, used 22824K [0x00000000eab00000, 0x00000000ec600000, 0x0000000100000000)
  eden space 18432K, 100% used [0x00000000eab00000,0x00000000ebd00000,0x00000000ebd00000)
  from space 4608K, 95% used [0x00000000ebd00000,0x00000000ec14a050,0x00000000ec180000)
  to   space 4608K, 0% used [0x00000000ec180000,0x00000000ec180000,0x00000000ec600000)
 ParOldGen       total 120832K, used 116366K [0x00000000c0000000, 0x00000000c7600000, 0x00000000eab00000)
  object space 120832K, 96% used [0x00000000c0000000,0x00000000c71a38d8,0x00000000c7600000)
 Metaspace       used 86627K, committed 87936K, reserved 1179648K
  class space    used 8749K, committed 9280K, reserved 1048576K
}
Event: 2498,016 GC heap after
{Heap after GC invocations=565 (full 19):
 PSYoungGen      total 21504K, used 4584K [0x00000000eab00000, 0x00000000ec900000, 0x0000000100000000)
  eden space 16896K, 0% used [0x00000000eab00000,0x00000000eab00000,0x00000000ebb80000)
  from space 4608K, 99% used [0x00000000ec180000,0x00000000ec5fa010,0x00000000ec600000)
  to   space 6144K, 0% used [0x00000000ebb80000,0x00000000ebb80000,0x00000000ec180000)
 ParOldGen       total 120832K, used 117579K [0x00000000c0000000, 0x00000000c7600000, 0x00000000eab00000)
  object space 120832K, 97% used [0x00000000c0000000,0x00000000c72d2ff8,0x00000000c7600000)
 Metaspace       used 86627K, committed 87936K, reserved 1179648K
  class space    used 8749K, committed 9280K, reserved 1048576K
}
Event: 2498,205 GC heap before
{Heap before GC invocations=566 (full 19):
 PSYoungGen      total 21504K, used 21480K [0x00000000eab00000, 0x00000000ec900000, 0x0000000100000000)
  eden space 16896K, 100% used [0x00000000eab00000,0x00000000ebb80000,0x00000000ebb80000)
  from space 4608K, 99% used [0x00000000ec180000,0x00000000ec5fa010,0x00000000ec600000)
  to   space 6144K, 0% used [0x00000000ebb80000,0x00000000ebb80000,0x00000000ec180000)
 ParOldGen       total 120832K, used 117579K [0x00000000c0000000, 0x00000000c7600000, 0x00000000eab00000)
  object space 120832K, 97% used [0x00000000c0000000,0x00000000c72d2ff8,0x00000000c7600000)
 Metaspace       used 86636K, committed 87936K, reserved 1179648K
  class space    used 8749K, committed 9280K, reserved 1048576K
}
Event: 2498,225 GC heap after
{Heap after GC invocations=566 (full 19):
 PSYoungGen      total 21504K, used 4483K [0x00000000eab00000, 0x00000000ec580000, 0x0000000100000000)
  eden space 16896K, 0% used [0x00000000eab00000,0x00000000eab00000,0x00000000ebb80000)
  from space 4608K, 97% used [0x00000000ebb80000,0x00000000ebfe0e40,0x00000000ec000000)
  to   space 5120K, 0% used [0x00000000ec080000,0x00000000ec080000,0x00000000ec580000)
 ParOldGen       total 120832K, used 118993K [0x00000000c0000000, 0x00000000c7600000, 0x00000000eab00000)
  object space 120832K, 98% used [0x00000000c0000000,0x00000000c74344d0,0x00000000c7600000)
 Metaspace       used 86636K, committed 87936K, reserved 1179648K
  class space    used 8749K, committed 9280K, reserved 1048576K
}
Event: 2498,305 GC heap before
{Heap before GC invocations=567 (full 19):
 PSYoungGen      total 21504K, used 21379K [0x00000000eab00000, 0x00000000ec580000, 0x0000000100000000)
  eden space 16896K, 100% used [0x00000000eab00000,0x00000000ebb80000,0x00000000ebb80000)
  from space 4608K, 97% used [0x00000000ebb80000,0x00000000ebfe0e40,0x00000000ec000000)
  to   space 5120K, 0% used [0x00000000ec080000,0x00000000ec080000,0x00000000ec580000)
 ParOldGen       total 120832K, used 118993K [0x00000000c0000000, 0x00000000c7600000, 0x00000000eab00000)
  object space 120832K, 98% used [0x00000000c0000000,0x00000000c74344d0,0x00000000c7600000)
 Metaspace       used 86649K, committed 87936K, reserved 1179648K
  class space    used 8749K, committed 9280K, reserved 1048576K
}
Event: 2498,314 GC heap after
{Heap after GC invocations=567 (full 19):
 PSYoungGen      total 20992K, used 5097K [0x00000000eab00000, 0x00000000ec780000, 0x0000000100000000)
  eden space 15872K, 0% used [0x00000000eab00000,0x00000000eab00000,0x00000000eba80000)
  from space 5120K, 99% used [0x00000000ec080000,0x00000000ec57a520,0x00000000ec580000)
  to   space 6144K, 0% used [0x00000000eba80000,0x00000000eba80000,0x00000000ec080000)
 ParOldGen       total 120832K, used 119734K [0x00000000c0000000, 0x00000000c7600000, 0x00000000eab00000)
  object space 120832K, 99% used [0x00000000c0000000,0x00000000c74edbd0,0x00000000c7600000)
 Metaspace       used 86649K, committed 87936K, reserved 1179648K
  class space    used 8749K, committed 9280K, reserved 1048576K
}
Event: 2498,842 GC heap before
{Heap before GC invocations=568 (full 19):
 PSYoungGen      total 20992K, used 20969K [0x00000000eab00000, 0x00000000ec780000, 0x0000000100000000)
  eden space 15872K, 100% used [0x00000000eab00000,0x00000000eba80000,0x00000000eba80000)
  from space 5120K, 99% used [0x00000000ec080000,0x00000000ec57a520,0x00000000ec580000)
  to   space 6144K, 0% used [0x00000000eba80000,0x00000000eba80000,0x00000000ec080000)
 ParOldGen       total 120832K, used 119734K [0x00000000c0000000, 0x00000000c7600000, 0x00000000eab00000)
  object space 120832K, 99% used [0x00000000c0000000,0x00000000c74edbd0,0x00000000c7600000)
 Metaspace       used 86654K, committed 87936K, reserved 1179648K
  class space    used 8749K, committed 9280K, reserved 1048576K
}
Event: 2498,848 GC heap after
{Heap after GC invocations=568 (full 19):
 PSYoungGen      total 20480K, used 4365K [0x00000000eab00000, 0x00000000ec480000, 0x0000000100000000)
  eden space 15872K, 0% used [0x00000000eab00000,0x00000000eab00000,0x00000000eba80000)
  from space 4608K, 94% used [0x00000000eba80000,0x00000000ebec3710,0x00000000ebf00000)
  to   space 5120K, 0% used [0x00000000ebf80000,0x00000000ebf80000,0x00000000ec480000)
 ParOldGen       total 121856K, used 121513K [0x00000000c0000000, 0x00000000c7700000, 0x00000000eab00000)
  object space 121856K, 99% used [0x00000000c0000000,0x00000000c76aa4f0,0x00000000c7700000)
 Metaspace       used 86654K, committed 87936K, reserved 1179648K
  class space    used 8749K, committed 9280K, reserved 1048576K
}
Event: 2498,848 GC heap before
{Heap before GC invocations=569 (full 20):
 PSYoungGen      total 20480K, used 4365K [0x00000000eab00000, 0x00000000ec480000, 0x0000000100000000)
  eden space 15872K, 0% used [0x00000000eab00000,0x00000000eab00000,0x00000000eba80000)
  from space 4608K, 94% used [0x00000000eba80000,0x00000000ebec3710,0x00000000ebf00000)
  to   space 5120K, 0% used [0x00000000ebf80000,0x00000000ebf80000,0x00000000ec480000)
 ParOldGen       total 121856K, used 121513K [0x00000000c0000000, 0x00000000c7700000, 0x00000000eab00000)
  object space 121856K, 99% used [0x00000000c0000000,0x00000000c76aa4f0,0x00000000c7700000)
 Metaspace       used 86654K, committed 87936K, reserved 1179648K
  class space    used 8749K, committed 9280K, reserved 1048576K
}
Event: 2498,960 GC heap after
{Heap after GC invocations=569 (full 20):
 PSYoungGen      total 20992K, used 0K [0x00000000eab00000, 0x00000000ec480000, 0x0000000100000000)
  eden space 15872K, 0% used [0x00000000eab00000,0x00000000eab00000,0x00000000eba80000)
  from space 5120K, 0% used [0x00000000ebf80000,0x00000000ebf80000,0x00000000ec480000)
  to   space 5120K, 0% used [0x00000000eba80000,0x00000000eba80000,0x00000000ebf80000)
 ParOldGen       total 93184K, used 63933K [0x00000000c0000000, 0x00000000c5b00000, 0x00000000eab00000)
  object space 93184K, 68% used [0x00000000c0000000,0x00000000c3e6f580,0x00000000c5b00000)
 Metaspace       used 86654K, committed 87936K, reserved 1179648K
  class space    used 8749K, committed 9280K, reserved 1048576K
}
Event: 2499,020 GC heap before
{Heap before GC invocations=570 (full 20):
 PSYoungGen      total 20992K, used 15872K [0x00000000eab00000, 0x00000000ec480000, 0x0000000100000000)
  eden space 15872K, 100% used [0x00000000eab00000,0x00000000eba80000,0x00000000eba80000)
  from space 5120K, 0% used [0x00000000ebf80000,0x00000000ebf80000,0x00000000ec480000)
  to   space 5120K, 0% used [0x00000000eba80000,0x00000000eba80000,0x00000000ebf80000)
 ParOldGen       total 93184K, used 63933K [0x00000000c0000000, 0x00000000c5b00000, 0x00000000eab00000)
  object space 93184K, 68% used [0x00000000c0000000,0x00000000c3e6f580,0x00000000c5b00000)
 Metaspace       used 86654K, committed 87936K, reserved 1179648K
  class space    used 8749K, committed 9280K, reserved 1048576K
}
Event: 2499,023 GC heap after
{Heap after GC invocations=570 (full 20):
 PSYoungGen      total 17408K, used 1456K [0x00000000eab00000, 0x00000000ec080000, 0x0000000100000000)
  eden space 15872K, 0% used [0x00000000eab00000,0x00000000eab00000,0x00000000eba80000)
  from space 1536K, 94% used [0x00000000eba80000,0x00000000ebbec050,0x00000000ebc00000)
  to   space 3072K, 0% used [0x00000000ebd80000,0x00000000ebd80000,0x00000000ec080000)
 ParOldGen       total 93184K, used 63933K [0x00000000c0000000, 0x00000000c5b00000, 0x00000000eab00000)
  object space 93184K, 68% used [0x00000000c0000000,0x00000000c3e6f580,0x00000000c5b00000)
 Metaspace       used 86654K, committed 87936K, reserved 1179648K
  class space    used 8749K, committed 9280K, reserved 1048576K
}
Event: 2499,201 GC heap before
{Heap before GC invocations=571 (full 20):
 PSYoungGen      total 17408K, used 17328K [0x00000000eab00000, 0x00000000ec080000, 0x0000000100000000)
  eden space 15872K, 100% used [0x00000000eab00000,0x00000000eba80000,0x00000000eba80000)
  from space 1536K, 94% used [0x00000000eba80000,0x00000000ebbec050,0x00000000ebc00000)
  to   space 3072K, 0% used [0x00000000ebd80000,0x00000000ebd80000,0x00000000ec080000)
 ParOldGen       total 93184K, used 63933K [0x00000000c0000000, 0x00000000c5b00000, 0x00000000eab00000)
  object space 93184K, 68% used [0x00000000c0000000,0x00000000c3e6f580,0x00000000c5b00000)
 Metaspace       used 86663K, committed 87936K, reserved 1179648K
  class space    used 8749K, committed 9280K, reserved 1048576K
}
Event: 2499,205 GC heap after
{Heap after GC invocations=571 (full 20):
 PSYoungGen      total 18944K, used 2484K [0x00000000eab00000, 0x00000000ec080000, 0x0000000100000000)
  eden space 15872K, 0% used [0x00000000eab00000,0x00000000eab00000,0x00000000eba80000)
  from space 3072K, 80% used [0x00000000ebd80000,0x00000000ebfed280,0x00000000ec080000)
  to   space 3072K, 0% used [0x00000000eba80000,0x00000000eba80000,0x00000000ebd80000)
 ParOldGen       total 93184K, used 63933K [0x00000000c0000000, 0x00000000c5b00000, 0x00000000eab00000)
  object space 93184K, 68% used [0x00000000c0000000,0x00000000c3e6f580,0x00000000c5b00000)
 Metaspace       used 86663K, committed 87936K, reserved 1179648K
  class space    used 8749K, committed 9280K, reserved 1048576K
}
Event: 2499,313 GC heap before
{Heap before GC invocations=572 (full 20):
 PSYoungGen      total 18944K, used 18356K [0x00000000eab00000, 0x00000000ec080000, 0x0000000100000000)
  eden space 15872K, 100% used [0x00000000eab00000,0x00000000eba80000,0x00000000eba80000)
  from space 3072K, 80% used [0x00000000ebd80000,0x00000000ebfed280,0x00000000ec080000)
  to   space 3072K, 0% used [0x00000000eba80000,0x00000000eba80000,0x00000000ebd80000)
 ParOldGen       total 93184K, used 63933K [0x00000000c0000000, 0x00000000c5b00000, 0x00000000eab00000)
  object space 93184K, 68% used [0x00000000c0000000,0x00000000c3e6f580,0x00000000c5b00000)
 Metaspace       used 86668K, committed 87936K, reserved 1179648K
  class space    used 8749K, committed 9280K, reserved 1048576K
}
Event: 2499,316 GC heap after
{Heap after GC invocations=572 (full 20):
 PSYoungGen      total 17920K, used 1616K [0x00000000eab00000, 0x00000000ebe80000, 0x0000000100000000)
  eden space 15872K, 0% used [0x00000000eab00000,0x00000000eab00000,0x00000000eba80000)
  from space 2048K, 78% used [0x00000000eba80000,0x00000000ebc14030,0x00000000ebc80000)
  to   space 2048K, 0% used [0x00000000ebc80000,0x00000000ebc80000,0x00000000ebe80000)
 ParOldGen       total 93184K, used 63933K [0x00000000c0000000, 0x00000000c5b00000, 0x00000000eab00000)
  object space 93184K, 68% used [0x00000000c0000000,0x00000000c3e6f580,0x00000000c5b00000)
 Metaspace       used 86668K, committed 87936K, reserved 1179648K
  class space    used 8749K, committed 9280K, reserved 1048576K
}
Event: 2499,376 GC heap before
{Heap before GC invocations=573 (full 20):
 PSYoungGen      total 17920K, used 17488K [0x00000000eab00000, 0x00000000ebe80000, 0x0000000100000000)
  eden space 15872K, 100% used [0x00000000eab00000,0x00000000eba80000,0x00000000eba80000)
  from space 2048K, 78% used [0x00000000eba80000,0x00000000ebc14030,0x00000000ebc80000)
  to   space 2048K, 0% used [0x00000000ebc80000,0x00000000ebc80000,0x00000000ebe80000)
 ParOldGen       total 93184K, used 63933K [0x00000000c0000000, 0x00000000c5b00000, 0x00000000eab00000)
  object space 93184K, 68% used [0x00000000c0000000,0x00000000c3e6f580,0x00000000c5b00000)
 Metaspace       used 86668K, committed 87936K, reserved 1179648K
  class space    used 8749K, committed 9280K, reserved 1048576K
}
Event: 2499,379 GC heap after
{Heap after GC invocations=573 (full 20):
 PSYoungGen      total 16896K, used 2020K [0x00000000eab00000, 0x00000000ec080000, 0x0000000100000000)
  eden space 14848K, 0% used [0x00000000eab00000,0x00000000eab00000,0x00000000eb980000)
  from space 2048K, 98% used [0x00000000ebc80000,0x00000000ebe79290,0x00000000ebe80000)
  to   space 3072K, 0% used [0x00000000eb980000,0x00000000eb980000,0x00000000ebc80000)
 ParOldGen       total 93184K, used 64547K [0x00000000c0000000, 0x00000000c5b00000, 0x00000000eab00000)
  object space 93184K, 69% used [0x00000000c0000000,0x00000000c3f08c40,0x00000000c5b00000)
 Metaspace       used 86668K, committed 87936K, reserved 1179648K
  class space    used 8749K, committed 9280K, reserved 1048576K
}

